1
0
1
ASSEMBLY
1
PART-1-1
PART-1
1
PART-1-1
1728
1 1
2 2
3 3
4 4
5 5
6 6
7 7
8 8
9 9
10 10
11 11
12 12
13 13
14 14
15 15
16 16
17 17
18 18
19 19
20 20
21 21
22 22
23 23
24 24
25 25
26 26
27 27
28 28
29 29
30 30
31 31
32 32
33 33
34 34
35 35
36 36
37 37
38 38
39 39
40 40
41 41
42 42
43 43
44 44
45 45
46 46
47 47
48 48
49 49
50 50
51 51
52 52
53 53
54 54
55 55
56 56
57 57
58 58
59 59
60 60
61 61
62 62
63 63
64 64
65 65
66 66
67 67
68 68
69 69
70 70
71 71
72 72
73 73
74 74
75 75
76 76
77 77
78 78
79 79
80 80
81 81
82 82
83 83
84 84
85 85
86 86
87 87
88 88
89 89
90 90
91 91
92 92
93 93
94 94
95 95
96 96
97 97
98 98
99 99
100 100
101 101
102 102
103 103
104 104
105 105
106 106
107 107
108 108
109 109
110 110
111 111
112 112
113 113
114 114
115 115
116 116
117 117
118 118
119 119
120 120
121 121
122 122
123 123
124 124
125 125
126 126
127 127
128 128
129 129
130 130
131 131
132 132
133 133
134 134
135 135
136 136
137 137
138 138
139 139
140 140
141 141
142 142
143 143
144 144
145 145
146 146
147 147
148 148
149 149
150 150
151 151
152 152
153 153
154 154
155 155
156 156
157 157
158 158
159 159
160 160
161 161
162 162
163 163
164 164
165 165
166 166
167 167
168 168
169 169
170 170
171 171
172 172
173 173
174 174
175 175
176 176
177 177
178 178
179 179
180 180
181 181
182 182
183 183
184 184
185 185
186 186
187 187
188 188
189 189
190 190
191 191
192 192
193 193
194 194
195 195
196 196
197 197
198 198
199 199
200 200
201 201
202 202
203 203
204 204
205 205
206 206
207 207
208 208
209 209
210 210
211 211
212 212
213 213
214 214
215 215
216 216
217 217
218 218
219 219
220 220
221 221
222 222
223 223
224 224
225 225
226 226
227 227
228 228
229 229
230 230
231 231
232 232
233 233
234 234
235 235
236 236
237 237
238 238
239 239
240 240
241 241
242 242
243 243
244 244
245 245
246 246
247 247
248 248
249 249
250 250
251 251
252 252
253 253
254 254
255 255
256 256
257 257
258 258
259 259
260 260
261 261
262 262
263 263
264 264
265 265
266 266
267 267
268 268
269 269
270 270
271 271
272 272
273 273
274 274
275 275
276 276
277 277
278 278
279 279
280 280
281 281
282 282
283 283
284 284
285 285
286 286
287 287
288 288
289 289
290 290
291 291
292 292
293 293
294 294
295 295
296 296
297 297
298 298
299 299
300 300
301 301
302 302
303 303
304 304
305 305
306 306
307 307
308 308
309 309
310 310
311 311
312 312
313 313
314 314
315 315
316 316
317 317
318 318
319 319
320 320
321 321
322 322
323 323
324 324
325 325
326 326
327 327
328 328
329 329
330 330
331 331
332 332
333 333
334 334
335 335
336 336
337 337
338 338
339 339
340 340
341 341
342 342
343 343
344 344
345 345
346 346
347 347
348 348
349 349
350 350
351 351
352 352
353 353
354 354
355 355
356 356
357 357
358 358
359 359
360 360
361 361
362 362
363 363
364 364
365 365
366 366
367 367
368 368
369 369
370 370
371 371
372 372
373 373
374 374
375 375
376 376
377 377
378 378
379 379
380 380
381 381
382 382
383 383
384 384
385 385
386 386
387 387
388 388
389 389
390 390
391 391
392 392
393 393
394 394
395 395
396 396
397 397
398 398
399 399
400 400
401 401
402 402
403 403
404 404
405 405
406 406
407 407
408 408
409 409
410 410
411 411
412 412
413 413
414 414
415 415
416 416
417 417
418 418
419 419
420 420
421 421
422 422
423 423
424 424
425 425
426 426
427 427
428 428
429 429
430 430
431 431
432 432
433 433
434 434
435 435
436 436
437 437
438 438
439 439
440 440
441 441
442 442
443 443
444 444
445 445
446 446
447 447
448 448
449 449
450 450
451 451
452 452
453 453
454 454
455 455
456 456
457 457
458 458
459 459
460 460
461 461
462 462
463 463
464 464
465 465
466 466
467 467
468 468
469 469
470 470
471 471
472 472
473 473
474 474
475 475
476 476
477 477
478 478
479 479
480 480
481 481
482 482
483 483
484 484
485 485
486 486
487 487
488 488
489 489
490 490
491 491
492 492
493 493
494 494
495 495
496 496
497 497
498 498
499 499
500 500
501 501
502 502
503 503
504 504
505 505
506 506
507 507
508 508
509 509
510 510
511 511
512 512
513 513
514 514
515 515
516 516
517 517
518 518
519 519
520 520
521 521
522 522
523 523
524 524
525 525
526 526
527 527
528 528
529 529
530 530
531 531
532 532
533 533
534 534
535 535
536 536
537 537
538 538
539 539
540 540
541 541
542 542
543 543
544 544
545 545
546 546
547 547
548 548
549 549
550 550
551 551
552 552
553 553
554 554
555 555
556 556
557 557
558 558
559 559
560 560
561 561
562 562
563 563
564 564
565 565
566 566
567 567
568 568
569 569
570 570
571 571
572 572
573 573
574 574
575 575
576 576
577 577
578 578
579 579
580 580
581 581
582 582
583 583
584 584
585 585
586 586
587 587
588 588
589 589
590 590
591 591
592 592
593 593
594 594
595 595
596 596
597 597
598 598
599 599
600 600
601 601
602 602
603 603
604 604
605 605
606 606
607 607
608 608
609 609
610 610
611 611
612 612
613 613
614 614
615 615
616 616
617 617
618 618
619 619
620 620
621 621
622 622
623 623
624 624
625 625
626 626
627 627
628 628
629 629
630 630
631 631
632 632
633 633
634 634
635 635
636 636
637 637
638 638
639 639
640 640
641 641
642 642
643 643
644 644
645 645
646 646
647 647
648 648
649 649
650 650
651 651
652 652
653 653
654 654
655 655
656 656
657 657
658 658
659 659
660 660
661 661
662 662
663 663
664 664
665 665
666 666
667 667
668 668
669 669
670 670
671 671
672 672
673 673
674 674
675 675
676 676
677 677
678 678
679 679
680 680
681 681
682 682
683 683
684 684
685 685
686 686
687 687
688 688
689 689
690 690
691 691
692 692
693 693
694 694
695 695
696 696
697 697
698 698
699 699
700 700
701 701
702 702
703 703
704 704
705 705
706 706
707 707
708 708
709 709
710 710
711 711
712 712
713 713
714 714
715 715
716 716
717 717
718 718
719 719
720 720
721 721
722 722
723 723
724 724
725 725
726 726
727 727
728 728
729 729
730 730
731 731
732 732
733 733
734 734
735 735
736 736
737 737
738 738
739 739
740 740
741 741
742 742
743 743
744 744
745 745
746 746
747 747
748 748
749 749
750 750
751 751
752 752
753 753
754 754
755 755
756 756
757 757
758 758
759 759
760 760
761 761
762 762
763 763
764 764
765 765
766 766
767 767
768 768
769 769
770 770
771 771
772 772
773 773
774 774
775 775
776 776
777 777
778 778
779 779
780 780
781 781
782 782
783 783
784 784
785 785
786 786
787 787
788 788
789 789
790 790
791 791
792 792
793 793
794 794
795 795
796 796
797 797
798 798
799 799
800 800
801 801
802 802
803 803
804 804
805 805
806 806
807 807
808 808
809 809
810 810
811 811
812 812
813 813
814 814
815 815
816 816
817 817
818 818
819 819
820 820
821 821
822 822
823 823
824 824
825 825
826 826
827 827
828 828
829 829
830 830
831 831
832 832
833 833
834 834
835 835
836 836
837 837
838 838
839 839
840 840
841 841
842 842
843 843
844 844
845 845
846 846
847 847
848 848
849 849
850 850
851 851
852 852
853 853
854 854
855 855
856 856
857 857
858 858
859 859
860 860
861 861
862 862
863 863
864 864
865 865
866 866
867 867
868 868
869 869
870 870
871 871
872 872
873 873
874 874
875 875
876 876
877 877
878 878
879 879
880 880
881 881
882 882
883 883
884 884
885 885
886 886
887 887
888 888
889 889
890 890
891 891
892 892
893 893
894 894
895 895
896 896
897 897
898 898
899 899
900 900
901 901
902 902
903 903
904 904
905 905
906 906
907 907
908 908
909 909
910 910
911 911
912 912
913 913
914 914
915 915
916 916
917 917
918 918
919 919
920 920
921 921
922 922
923 923
924 924
925 925
926 926
927 927
928 928
929 929
930 930
931 931
932 932
933 933
934 934
935 935
936 936
937 937
938 938
939 939
940 940
941 941
942 942
943 943
944 944
945 945
946 946
947 947
948 948
949 949
950 950
951 951
952 952
953 953
954 954
955 955
956 956
957 957
958 958
959 959
960 960
961 961
962 962
963 963
964 964
965 965
966 966
967 967
968 968
969 969
970 970
971 971
972 972
973 973
974 974
975 975
976 976
977 977
978 978
979 979
980 980
981 981
982 982
983 983
984 984
985 985
986 986
987 987
988 988
989 989
990 990
991 991
992 992
993 993
994 994
995 995
996 996
997 997
998 998
999 999
1000 1000
1001 1001
1002 1002
1003 1003
1004 1004
1005 1005
1006 1006
1007 1007
1008 1008
1009 1009
1010 1010
1011 1011
1012 1012
1013 1013
1014 1014
1015 1015
1016 1016
1017 1017
1018 1018
1019 1019
1020 1020
1021 1021
1022 1022
1023 1023
1024 1024
1025 1025
1026 1026
1027 1027
1028 1028
1029 1029
1030 1030
1031 1031
1032 1032
1033 1033
1034 1034
1035 1035
1036 1036
1037 1037
1038 1038
1039 1039
1040 1040
1041 1041
1042 1042
1043 1043
1044 1044
1045 1045
1046 1046
1047 1047
1048 1048
1049 1049
1050 1050
1051 1051
1052 1052
1053 1053
1054 1054
1055 1055
1056 1056
1057 1057
1058 1058
1059 1059
1060 1060
1061 1061
1062 1062
1063 1063
1064 1064
1065 1065
1066 1066
1067 1067
1068 1068
1069 1069
1070 1070
1071 1071
1072 1072
1073 1073
1074 1074
1075 1075
1076 1076
1077 1077
1078 1078
1079 1079
1080 1080
1081 1081
1082 1082
1083 1083
1084 1084
1085 1085
1086 1086
1087 1087
1088 1088
1089 1089
1090 1090
1091 1091
1092 1092
1093 1093
1094 1094
1095 1095
1096 1096
1097 1097
1098 1098
1099 1099
1100 1100
1101 1101
1102 1102
1103 1103
1104 1104
1105 1105
1106 1106
1107 1107
1108 1108
1109 1109
1110 1110
1111 1111
1112 1112
1113 1113
1114 1114
1115 1115
1116 1116
1117 1117
1118 1118
1119 1119
1120 1120
1121 1121
1122 1122
1123 1123
1124 1124
1125 1125
1126 1126
1127 1127
1128 1128
1129 1129
1130 1130
1131 1131
1132 1132
1133 1133
1134 1134
1135 1135
1136 1136
1137 1137
1138 1138
1139 1139
1140 1140
1141 1141
1142 1142
1143 1143
1144 1144
1145 1145
1146 1146
1147 1147
1148 1148
1149 1149
1150 1150
1151 1151
1152 1152
1153 1153
1154 1154
1155 1155
1156 1156
1157 1157
1158 1158
1159 1159
1160 1160
1161 1161
1162 1162
1163 1163
1164 1164
1165 1165
1166 1166
1167 1167
1168 1168
1169 1169
1170 1170
1171 1171
1172 1172
1173 1173
1174 1174
1175 1175
1176 1176
1177 1177
1178 1178
1179 1179
1180 1180
1181 1181
1182 1182
1183 1183
1184 1184
1185 1185
1186 1186
1187 1187
1188 1188
1189 1189
1190 1190
1191 1191
1192 1192
1193 1193
1194 1194
1195 1195
1196 1196
1197 1197
1198 1198
1199 1199
1200 1200
1201 1201
1202 1202
1203 1203
1204 1204
1205 1205
1206 1206
1207 1207
1208 1208
1209 1209
1210 1210
1211 1211
1212 1212
1213 1213
1214 1214
1215 1215
1216 1216
1217 1217
1218 1218
1219 1219
1220 1220
1221 1221
1222 1222
1223 1223
1224 1224
1225 1225
1226 1226
1227 1227
1228 1228
1229 1229
1230 1230
1231 1231
1232 1232
1233 1233
1234 1234
1235 1235
1236 1236
1237 1237
1238 1238
1239 1239
1240 1240
1241 1241
1242 1242
1243 1243
1244 1244
1245 1245
1246 1246
1247 1247
1248 1248
1249 1249
1250 1250
1251 1251
1252 1252
1253 1253
1254 1254
1255 1255
1256 1256
1257 1257
1258 1258
1259 1259
1260 1260
1261 1261
1262 1262
1263 1263
1264 1264
1265 1265
1266 1266
1267 1267
1268 1268
1269 1269
1270 1270
1271 1271
1272 1272
1273 1273
1274 1274
1275 1275
1276 1276
1277 1277
1278 1278
1279 1279
1280 1280
1281 1281
1282 1282
1283 1283
1284 1284
1285 1285
1286 1286
1287 1287
1288 1288
1289 1289
1290 1290
1291 1291
1292 1292
1293 1293
1294 1294
1295 1295
1296 1296
1297 1297
1298 1298
1299 1299
1300 1300
1301 1301
1302 1302
1303 1303
1304 1304
1305 1305
1306 1306
1307 1307
1308 1308
1309 1309
1310 1310
1311 1311
1312 1312
1313 1313
1314 1314
1315 1315
1316 1316
1317 1317
1318 1318
1319 1319
1320 1320
1321 1321
1322 1322
1323 1323
1324 1324
1325 1325
1326 1326
1327 1327
1328 1328
1329 1329
1330 1330
1331 1331
1332 1332
1333 1333
1334 1334
1335 1335
1336 1336
1337 1337
1338 1338
1339 1339
1340 1340
1341 1341
1342 1342
1343 1343
1344 1344
1345 1345
1346 1346
1347 1347
1348 1348
1349 1349
1350 1350
1351 1351
1352 1352
1353 1353
1354 1354
1355 1355
1356 1356
1357 1357
1358 1358
1359 1359
1360 1360
1361 1361
1362 1362
1363 1363
1364 1364
1365 1365
1366 1366
1367 1367
1368 1368
1369 1369
1370 1370
1371 1371
1372 1372
1373 1373
1374 1374
1375 1375
1376 1376
1377 1377
1378 1378
1379 1379
1380 1380
1381 1381
1382 1382
1383 1383
1384 1384
1385 1385
1386 1386
1387 1387
1388 1388
1389 1389
1390 1390
1391 1391
1392 1392
1393 1393
1394 1394
1395 1395
1396 1396
1397 1397
1398 1398
1399 1399
1400 1400
1401 1401
1402 1402
1403 1403
1404 1404
1405 1405
1406 1406
1407 1407
1408 1408
1409 1409
1410 1410
1411 1411
1412 1412
1413 1413
1414 1414
1415 1415
1416 1416
1417 1417
1418 1418
1419 1419
1420 1420
1421 1421
1422 1422
1423 1423
1424 1424
1425 1425
1426 1426
1427 1427
1428 1428
1429 1429
1430 1430
1431 1431
1432 1432
1433 1433
1434 1434
1435 1435
1436 1436
1437 1437
1438 1438
1439 1439
1440 1440
1441 1441
1442 1442
1443 1443
1444 1444
1445 1445
1446 1446
1447 1447
1448 1448
1449 1449
1450 1450
1451 1451
1452 1452
1453 1453
1454 1454
1455 1455
1456 1456
1457 1457
1458 1458
1459 1459
1460 1460
1461 1461
1462 1462
1463 1463
1464 1464
1465 1465
1466 1466
1467 1467
1468 1468
1469 1469
1470 1470
1471 1471
1472 1472
1473 1473
1474 1474
1475 1475
1476 1476
1477 1477
1478 1478
1479 1479
1480 1480
1481 1481
1482 1482
1483 1483
1484 1484
1485 1485
1486 1486
1487 1487
1488 1488
1489 1489
1490 1490
1491 1491
1492 1492
1493 1493
1494 1494
1495 1495
1496 1496
1497 1497
1498 1498
1499 1499
1500 1500
1501 1501
1502 1502
1503 1503
1504 1504
1505 1505
1506 1506
1507 1507
1508 1508
1509 1509
1510 1510
1511 1511
1512 1512
1513 1513
1514 1514
1515 1515
1516 1516
1517 1517
1518 1518
1519 1519
1520 1520
1521 1521
1522 1522
1523 1523
1524 1524
1525 1525
1526 1526
1527 1527
1528 1528
1529 1529
1530 1530
1531 1531
1532 1532
1533 1533
1534 1534
1535 1535
1536 1536
1537 1537
1538 1538
1539 1539
1540 1540
1541 1541
1542 1542
1543 1543
1544 1544
1545 1545
1546 1546
1547 1547
1548 1548
1549 1549
1550 1550
1551 1551
1552 1552
1553 1553
1554 1554
1555 1555
1556 1556
1557 1557
1558 1558
1559 1559
1560 1560
1561 1561
1562 1562
1563 1563
1564 1564
1565 1565
1566 1566
1567 1567
1568 1568
1569 1569
1570 1570
1571 1571
1572 1572
1573 1573
1574 1574
1575 1575
1576 1576
1577 1577
1578 1578
1579 1579
1580 1580
1581 1581
1582 1582
1583 1583
1584 1584
1585 1585
1586 1586
1587 1587
1588 1588
1589 1589
1590 1590
1591 1591
1592 1592
1593 1593
1594 1594
1595 1595
1596 1596
1597 1597
1598 1598
1599 1599
1600 1600
1601 1601
1602 1602
1603 1603
1604 1604
1605 1605
1606 1606
1607 1607
1608 1608
1609 1609
1610 1610
1611 1611
1612 1612
1613 1613
1614 1614
1615 1615
1616 1616
1617 1617
1618 1618
1619 1619
1620 1620
1621 1621
1622 1622
1623 1623
1624 1624
1625 1625
1626 1626
1627 1627
1628 1628
1629 1629
1630 1630
1631 1631
1632 1632
1633 1633
1634 1634
1635 1635
1636 1636
1637 1637
1638 1638
1639 1639
1640 1640
1641 1641
1642 1642
1643 1643
1644 1644
1645 1645
1646 1646
1647 1647
1648 1648
1649 1649
1650 1650
1651 1651
1652 1652
1653 1653
1654 1654
1655 1655
1656 1656
1657 1657
1658 1658
1659 1659
1660 1660
1661 1661
1662 1662
1663 1663
1664 1664
1665 1665
1666 1666
1667 1667
1668 1668
1669 1669
1670 1670
1671 1671
1672 1672
1673 1673
1674 1674
1675 1675
1676 1676
1677 1677
1678 1678
1679 1679
1680 1680
1681 1681
1682 1682
1683 1683
1684 1684
1685 1685
1686 1686
1687 1687
1688 1688
1689 1689
1690 1690
1691 1691
1692 1692
1693 1693
1694 1694
1695 1695
1696 1696
1697 1697
1698 1698
1699 1699
1700 1700
1701 1701
1702 1702
1703 1703
1704 1704
1705 1705
1706 1706
1707 1707
1708 1708
1709 1709
1710 1710
1711 1711
1712 1712
1713 1713
1714 1714
1715 1715
1716 1716
1717 1717
1718 1718
1719 1719
1720 1720
1721 1721
1722 1722
1723 1723
1724 1724
1725 1725
1726 1726
1727 1727
1728 1728
-2147483647
0
1
PART-1-1
1331
1 1
2 2
3 3
4 4
5 5
6 6
7 7
8 8
9 9
10 10
11 11
12 12
13 13
14 14
15 15
16 16
17 17
18 18
19 19
20 20
21 21
22 22
23 23
24 24
25 25
26 26
27 27
28 28
29 29
30 30
31 31
32 32
33 33
34 34
35 35
36 36
37 37
38 38
39 39
40 40
41 41
42 42
43 43
44 44
45 45
46 46
47 47
48 48
49 49
50 50
51 51
52 52
53 53
54 54
55 55
56 56
57 57
58 58
59 59
60 60
61 61
62 62
63 63
64 64
65 65
66 66
67 67
68 68
69 69
70 70
71 71
72 72
73 73
74 74
75 75
76 76
77 77
78 78
79 79
80 80
81 81
82 82
83 83
84 84
85 85
86 86
87 87
88 88
89 89
90 90
91 91
92 92
93 93
94 94
95 95
96 96
97 97
98 98
99 99
100 100
101 101
102 102
103 103
104 104
105 105
106 106
107 107
108 108
109 109
110 110
111 111
112 112
113 113
114 114
115 115
116 116
117 117
118 118
119 119
120 120
121 121
122 122
123 123
124 124
125 125
126 126
127 127
128 128
129 129
130 130
131 131
132 132
133 133
134 134
135 135
136 136
137 137
138 138
139 139
140 140
141 141
142 142
143 143
144 144
145 145
146 146
147 147
148 148
149 149
150 150
151 151
152 152
153 153
154 154
155 155
156 156
157 157
158 158
159 159
160 160
161 161
162 162
163 163
164 164
165 165
166 166
167 167
168 168
169 169
170 170
171 171
172 172
173 173
174 174
175 175
176 176
177 177
178 178
179 179
180 180
181 181
182 182
183 183
184 184
185 185
186 186
187 187
188 188
189 189
190 190
191 191
192 192
193 193
194 194
195 195
196 196
197 197
198 198
199 199
200 200
201 201
202 202
203 203
204 204
205 205
206 206
207 207
208 208
209 209
210 210
211 211
212 212
213 213
214 214
215 215
216 216
217 217
218 218
219 219
220 220
221 221
222 222
223 223
224 224
225 225
226 226
227 227
228 228
229 229
230 230
231 231
232 232
233 233
234 234
235 235
236 236
237 237
238 238
239 239
240 240
241 241
242 242
243 243
244 244
245 245
246 246
247 247
248 248
249 249
250 250
251 251
252 252
253 253
254 254
255 255
256 256
257 257
258 258
259 259
260 260
261 261
262 262
263 263
264 264
265 265
266 266
267 267
268 268
269 269
270 270
271 271
272 272
273 273
274 274
275 275
276 276
277 277
278 278
279 279
280 280
281 281
282 282
283 283
284 284
285 285
286 286
287 287
288 288
289 289
290 290
291 291
292 292
293 293
294 294
295 295
296 296
297 297
298 298
299 299
300 300
301 301
302 302
303 303
304 304
305 305
306 306
307 307
308 308
309 309
310 310
311 311
312 312
313 313
314 314
315 315
316 316
317 317
318 318
319 319
320 320
321 321
322 322
323 323
324 324
325 325
326 326
327 327
328 328
329 329
330 330
331 331
332 332
333 333
334 334
335 335
336 336
337 337
338 338
339 339
340 340
341 341
342 342
343 343
344 344
345 345
346 346
347 347
348 348
349 349
350 350
351 351
352 352
353 353
354 354
355 355
356 356
357 357
358 358
359 359
360 360
361 361
362 362
363 363
364 364
365 365
366 366
367 367
368 368
369 369
370 370
371 371
372 372
373 373
374 374
375 375
376 376
377 377
378 378
379 379
380 380
381 381
382 382
383 383
384 384
385 385
386 386
387 387
388 388
389 389
390 390
391 391
392 392
393 393
394 394
395 395
396 396
397 397
398 398
399 399
400 400
401 401
402 402
403 403
404 404
405 405
406 406
407 407
408 408
409 409
410 410
411 411
412 412
413 413
414 414
415 415
416 416
417 417
418 418
419 419
420 420
421 421
422 422
423 423
424 424
425 425
426 426
427 427
428 428
429 429
430 430
431 431
432 432
433 433
434 434
435 435
436 436
437 437
438 438
439 439
440 440
441 441
442 442
443 443
444 444
445 445
446 446
447 447
448 448
449 449
450 450
451 451
452 452
453 453
454 454
455 455
456 456
457 457
458 458
459 459
460 460
461 461
462 462
463 463
464 464
465 465
466 466
467 467
468 468
469 469
470 470
471 471
472 472
473 473
474 474
475 475
476 476
477 477
478 478
479 479
480 480
481 481
482 482
483 483
484 484
485 485
486 486
487 487
488 488
489 489
490 490
491 491
492 492
493 493
494 494
495 495
496 496
497 497
498 498
499 499
500 500
501 501
502 502
503 503
504 504
505 505
506 506
507 507
508 508
509 509
510 510
511 511
512 512
513 513
514 514
515 515
516 516
517 517
518 518
519 519
520 520
521 521
522 522
523 523
524 524
525 525
526 526
527 527
528 528
529 529
530 530
531 531
532 532
533 533
534 534
535 535
536 536
537 537
538 538
539 539
540 540
541 541
542 542
543 543
544 544
545 545
546 546
547 547
548 548
549 549
550 550
551 551
552 552
553 553
554 554
555 555
556 556
557 557
558 558
559 559
560 560
561 561
562 562
563 563
564 564
565 565
566 566
567 567
568 568
569 569
570 570
571 571
572 572
573 573
574 574
575 575
576 576
577 577
578 578
579 579
580 580
581 581
582 582
583 583
584 584
585 585
586 586
587 587
588 588
589 589
590 590
591 591
592 592
593 593
594 594
595 595
596 596
597 597
598 598
599 599
600 600
601 601
602 602
603 603
604 604
605 605
606 606
607 607
608 608
609 609
610 610
611 611
612 612
613 613
614 614
615 615
616 616
617 617
618 618
619 619
620 620
621 621
622 622
623 623
624 624
625 625
626 626
627 627
628 628
629 629
630 630
631 631
632 632
633 633
634 634
635 635
636 636
637 637
638 638
639 639
640 640
641 641
642 642
643 643
644 644
645 645
646 646
647 647
648 648
649 649
650 650
651 651
652 652
653 653
654 654
655 655
656 656
657 657
658 658
659 659
660 660
661 661
662 662
663 663
664 664
665 665
666 666
667 667
668 668
669 669
670 670
671 671
672 672
673 673
674 674
675 675
676 676
677 677
678 678
679 679
680 680
681 681
682 682
683 683
684 684
685 685
686 686
687 687
688 688
689 689
690 690
691 691
692 692
693 693
694 694
695 695
696 696
697 697
698 698
699 699
700 700
701 701
702 702
703 703
704 704
705 705
706 706
707 707
708 708
709 709
710 710
711 711
712 712
713 713
714 714
715 715
716 716
717 717
718 718
719 719
720 720
721 721
722 722
723 723
724 724
725 725
726 726
727 727
728 728
729 729
730 730
731 731
732 732
733 733
734 734
735 735
736 736
737 737
738 738
739 739
740 740
741 741
742 742
743 743
744 744
745 745
746 746
747 747
748 748
749 749
750 750
751 751
752 752
753 753
754 754
755 755
756 756
757 757
758 758
759 759
760 760
761 761
762 762
763 763
764 764
765 765
766 766
767 767
768 768
769 769
770 770
771 771
772 772
773 773
774 774
775 775
776 776
777 777
778 778
779 779
780 780
781 781
782 782
783 783
784 784
785 785
786 786
787 787
788 788
789 789
790 790
791 791
792 792
793 793
794 794
795 795
796 796
797 797
798 798
799 799
800 800
801 801
802 802
803 803
804 804
805 805
806 806
807 807
808 808
809 809
810 810
811 811
812 812
813 813
814 814
815 815
816 816
817 817
818 818
819 819
820 820
821 821
822 822
823 823
824 824
825 825
826 826
827 827
828 828
829 829
830 830
831 831
832 832
833 833
834 834
835 835
836 836
837 837
838 838
839 839
840 840
841 841
842 842
843 843
844 844
845 845
846 846
847 847
848 848
849 849
850 850
851 851
852 852
853 853
854 854
855 855
856 856
857 857
858 858
859 859
860 860
861 861
862 862
863 863
864 864
865 865
866 866
867 867
868 868
869 869
870 870
871 871
872 872
873 873
874 874
875 875
876 876
877 877
878 878
879 879
880 880
881 881
882 882
883 883
884 884
885 885
886 886
887 887
888 888
889 889
890 890
891 891
892 892
893 893
894 894
895 895
896 896
897 897
898 898
899 899
900 900
901 901
902 902
903 903
904 904
905 905
906 906
907 907
908 908
909 909
910 910
911 911
912 912
913 913
914 914
915 915
916 916
917 917
918 918
919 919
920 920
921 921
922 922
923 923
924 924
925 925
926 926
927 927
928 928
929 929
930 930
931 931
932 932
933 933
934 934
935 935
936 936
937 937
938 938
939 939
940 940
941 941
942 942
943 943
944 944
945 945
946 946
947 947
948 948
949 949
950 950
951 951
952 952
953 953
954 954
955 955
956 956
957 957
958 958
959 959
960 960
961 961
962 962
963 963
964 964
965 965
966 966
967 967
968 968
969 969
970 970
971 971
972 972
973 973
974 974
975 975
976 976
977 977
978 978
979 979
980 980
981 981
982 982
983 983
984 984
985 985
986 986
987 987
988 988
989 989
990 990
991 991
992 992
993 993
994 994
995 995
996 996
997 997
998 998
999 999
1000 1000
1001 1001
1002 1002
1003 1003
1004 1004
1005 1005
1006 1006
1007 1007
1008 1008
1009 1009
1010 1010
1011 1011
1012 1012
1013 1013
1014 1014
1015 1015
1016 1016
1017 1017
1018 1018
1019 1019
1020 1020
1021 1021
1022 1022
1023 1023
1024 1024
1025 1025
1026 1026
1027 1027
1028 1028
1029 1029
1030 1030
1031 1031
1032 1032
1033 1033
1034 1034
1035 1035
1036 1036
1037 1037
1038 1038
1039 1039
1040 1040
1041 1041
1042 1042
1043 1043
1044 1044
1045 1045
1046 1046
1047 1047
1048 1048
1049 1049
1050 1050
1051 1051
1052 1052
1053 1053
1054 1054
1055 1055
1056 1056
1057 1057
1058 1058
1059 1059
1060 1060
1061 1061
1062 1062
1063 1063
1064 1064
1065 1065
1066 1066
1067 1067
1068 1068
1069 1069
1070 1070
1071 1071
1072 1072
1073 1073
1074 1074
1075 1075
1076 1076
1077 1077
1078 1078
1079 1079
1080 1080
1081 1081
1082 1082
1083 1083
1084 1084
1085 1085
1086 1086
1087 1087
1088 1088
1089 1089
1090 1090
1091 1091
1092 1092
1093 1093
1094 1094
1095 1095
1096 1096
1097 1097
1098 1098
1099 1099
1100 1100
1101 1101
1102 1102
1103 1103
1104 1104
1105 1105
1106 1106
1107 1107
1108 1108
1109 1109
1110 1110
1111 1111
1112 1112
1113 1113
1114 1114
1115 1115
1116 1116
1117 1117
1118 1118
1119 1119
1120 1120
1121 1121
1122 1122
1123 1123
1124 1124
1125 1125
1126 1126
1127 1127
1128 1128
1129 1129
1130 1130
1131 1131
1132 1132
1133 1133
1134 1134
1135 1135
1136 1136
1137 1137
1138 1138
1139 1139
1140 1140
1141 1141
1142 1142
1143 1143
1144 1144
1145 1145
1146 1146
1147 1147
1148 1148
1149 1149
1150 1150
1151 1151
1152 1152
1153 1153
1154 1154
1155 1155
1156 1156
1157 1157
1158 1158
1159 1159
1160 1160
1161 1161
1162 1162
1163 1163
1164 1164
1165 1165
1166 1166
1167 1167
1168 1168
1169 1169
1170 1170
1171 1171
1172 1172
1173 1173
1174 1174
1175 1175
1176 1176
1177 1177
1178 1178
1179 1179
1180 1180
1181 1181
1182 1182
1183 1183
1184 1184
1185 1185
1186 1186
1187 1187
1188 1188
1189 1189
1190 1190
1191 1191
1192 1192
1193 1193
1194 1194
1195 1195
1196 1196
1197 1197
1198 1198
1199 1199
1200 1200
1201 1201
1202 1202
1203 1203
1204 1204
1205 1205
1206 1206
1207 1207
1208 1208
1209 1209
1210 1210
1211 1211
1212 1212
1213 1213
1214 1214
1215 1215
1216 1216
1217 1217
1218 1218
1219 1219
1220 1220
1221 1221
1222 1222
1223 1223
1224 1224
1225 1225
1226 1226
1227 1227
1228 1228
1229 1229
1230 1230
1231 1231
1232 1232
1233 1233
1234 1234
1235 1235
1236 1236
1237 1237
1238 1238
1239 1239
1240 1240
1241 1241
1242 1242
1243 1243
1244 1244
1245 1245
1246 1246
1247 1247
1248 1248
1249 1249
1250 1250
1251 1251
1252 1252
1253 1253
1254 1254
1255 1255
1256 1256
1257 1257
1258 1258
1259 1259
1260 1260
1261 1261
1262 1262
1263 1263
1264 1264
1265 1265
1266 1266
1267 1267
1268 1268
1269 1269
1270 1270
1271 1271
1272 1272
1273 1273
1274 1274
1275 1275
1276 1276
1277 1277
1278 1278
1279 1279
1280 1280
1281 1281
1282 1282
1283 1283
1284 1284
1285 1285
1286 1286
1287 1287
1288 1288
1289 1289
1290 1290
1291 1291
1292 1292
1293 1293
1294 1294
1295 1295
1296 1296
1297 1297
1298 1298
1299 1299
1300 1300
1301 1301
1302 1302
1303 1303
1304 1304
1305 1305
1306 1306
1307 1307
1308 1308
1309 1309
1310 1310
1311 1311
1312 1312
1313 1313
1314 1314
1315 1315
1316 1316
1317 1317
1318 1318
1319 1319
1320 1320
1321 1321
1322 1322
1323 1323
1324 1324
1325 1325
1326 1326
1327 1327
1328 1328
1329 1329
1330 1330
1331 1331
-2147483647
0
1
ADAPTIVEELEMENTS
0
1
0
1
PART-1-1
1
1211 
0
1
PART-1-1
137
SET-1
0
1
172
52 63 64 184 185 186 195 197 207 208 215 295 296 298 305 306 307 308 314 315 316 317 318 324 325 327 328 329 337 408 416 417 418 419 420 425 426 427 428 429 430 431 436 437 438 439 440 441 445 446 447 448 449 450 451 456 457 458 459 461 529 537 538 539 540 541 547 548 549 550 551 552 553 555 556 557 558 559 560 561 562 566 568 569 570 571 572 573 577 578 579 580 583 614 615 650 657 659 660 661 667 668 669 670 671 672 673 674 677 678 679 680 681 682 685 687 688 689 690 691 692 694 695 698 701 702 703 704 724 725 771 778 779 780 781 789 790 791 793 795 799 800 801 802 803 804 810 811 812 813 814 815 816 821 822 824 825 889 910 922 923 931 933 934 936 946 1046 1055 1056 1262 1273 1274 
0
0
SET-10
0
1
33
400 401 409 410 411 520 522 530 531 532 533 641 642 643 644 651 652 653 654 655 664 762 763 764 772 773 774 775 882 883 884 894 895 
0
0
SET-100
0
1
2
287 297 
0
0
SET-101
0
1
1
993 
0
0
SET-102
0
1
1
1137 
0
0
SET-103
0
1
2
25 1235 
0
0
SET-104
0
1
1
700 
0
0
SET-105
0
1
1
794 
0
0
SET-106
0
1
1
546 
0
0
SET-107
0
1
1
619 
0
0
SET-108
0
1
2
1035 1045 
0
0
SET-109
0
1
2
397 407 
0
0
SET-11
0
1
41
56 57 58 65 66 177 179 187 662 663 782 783 784 792 903 904 905 906 911 912 913 1024 1025 1026 1027 1032 1033 1034 1145 1146 1147 1148 1149 1153 1154 1155 1266 1267 1268 1275 1276 
0
0
SET-110
0
1
1
323 
0
0
SET-111
0
1
1
785 
0
0
SET-112
0
1
1
399 
0
0
SET-113
0
1
1
823 
0
0
SET-114
0
1
1
863 
0
0
SET-115
0
1
1
134 
0
0
SET-116
0
1
2
760 770 
0
0
SET-117
0
1
1
921 
0
0
SET-118
0
1
1
585 
0
0
SET-119
0
1
2
732 842 
0
0
SET-12
0
1
35
67 68 77 90 188 189 198 199 200 201 202 209 211 309 310 319 320 321 322 330 333 442 443 444 453 454 563 564 574 576 684 1277 1278 1287 1300 
0
0
SET-120
0
1
1
156 
0
0
SET-121
0
1
1
885 
0
0
SET-122
0
1
1
640 
0
0
SET-123
0
1
1
567 
0
0
SET-124
0
1
1
777 
0
0
SET-125
0
1
2
20 1230 
0
0
SET-126
0
1
1
433 
0
0
SET-127
0
1
1
497 
0
0
SET-128
0
1
1
1176 
0
0
SET-129
0
1
4
10 120 1220 1330 
0
0
SET-13
0
1
45
100 101 108 109 110 229 230 727 735 736 737 837 845 846 847 848 856 857 858 947 956 957 958 966 967 968 978 1068 1069 1076 1077 1078 1088 1099 1189 1196 1197 1198 1199 1209 1310 1311 1318 1319 1320 
0
0
SET-130
0
1
2
683 693 
0
0
SET-131
0
1
2
608 718 
0
0
SET-132
0
1
1
756 
0
0
SET-133
0
1
1
258 
0
0
SET-134
0
1
1
149 
0
0
SET-135
0
1
1
326 
0
0
SET-136
0
1
1
263 
0
0
SET-137
0
1
1
1005 
0
0
SET-14
0
1
20
406 518 526 527 528 628 638 639 647 648 649 658 749 758 759 768 769 870 879 880 
0
0
SET-15
0
1
20
94 95 96 97 216 942 1062 1063 1064 1065 1066 1183 1184 1185 1186 1187 1304 1305 1306 1307 
0
0
SET-16
0
1
23
210 220 221 222 223 231 331 341 342 343 344 351 352 452 455 462 463 464 465 467 472 473 575 
0
0
SET-17
0
1
21
24 145 267 739 750 861 871 881 890 891 983 991 992 994 1001 1002 1012 1112 1113 1122 1234 
0
0
SET-18
0
1
48
1 2 11 12 13 22 111 112 121 122 123 132 133 142 143 232 233 242 243 244 245 253 254 256 264 353 354 355 363 364 365 374 375 376 377 385 474 475 484 1211 1212 1221 1222 1223 1232 1321 1322 1331 
0
0
SET-19
0
1
30
45 46 47 48 49 54 55 166 167 168 169 174 175 176 288 289 290 1014 1134 1135 1136 1138 1144 1255 1256 1257 1258 1259 1264 1265 
0
0
SET-2
0
1
134
3 4 5 6 7 8 17 18 19 102 104 113 114 115 116 117 118 124 125 126 127 128 138 139 224 225 234 235 236 237 238 246 247 248 249 259 268 345 346 356 357 358 359 370 480 606 616 716 726 728 838 850 851 852 853 854 865 876 877 960 961 962 963 964 969 970 971 972 973 974 975 976 977 979 981 986 987 995 997 998 1070 1072 1079 1080 1081 1082 1083 1084 1085 1086 1087 1089 1090 1091 1092 1093 1094 1095 1096 1097 1098 1100 1102 1106 1107 1108 1194 1200 1201 1202 1203 1204 1205 1206 1207 1208 1210 1213 1214 1215 1216 1217 1218 1227 1228 1229 1312 1314 1323 1324 1325 1326 1327 1328 
0
0
SET-20
0
1
16
69 70 71 72 73 191 192 193 1159 1160 1161 1279 1280 1281 1282 1283 
0
0
SET-21
0
1
13
74 75 76 1042 1043 1044 1163 1164 1165 1175 1284 1285 1286 
0
0
SET-22
0
1
22
617 625 626 627 738 746 747 748 859 860 866 867 868 869 980 988 989 990 1101 1109 1110 1111 
0
0
SET-23
0
1
22
14 15 16 26 27 135 136 137 146 147 148 1103 1104 1105 1114 1115 1116 1224 1225 1226 1236 1237 
0
0
SET-24
0
1
28
9 119 130 140 141 240 250 251 252 261 350 360 361 362 371 372 373 481 482 483 492 493 494 602 603 604 1219 1329 
0
0
SET-25
0
1
13
105 106 107 226 227 228 347 348 349 469 1315 1316 1317 
0
0
SET-26
0
1
10
292 293 294 413 414 415 534 535 536 656 
0
0
SET-27
0
1
17
84 85 86 194 204 205 206 1052 1053 1054 1162 1172 1173 1174 1294 1295 1296 
0
0
SET-28
0
1
12
584 593 594 705 706 714 715 826 827 835 836 948 
0
0
SET-29
0
1
8
91 92 212 213 214 334 1301 1302 
0
0
SET-3
0
1
69
21 29 30 31 144 150 151 152 153 154 161 262 265 266 270 271 272 273 274 275 277 281 282 283 380 381 382 383 384 386 388 390 391 392 393 394 395 396 402 403 404 502 503 504 507 513 514 515 516 517 519 523 524 525 624 634 635 636 637 646 745 755 757 767 878 1231 1239 1240 1241 
0
0
SET-30
0
1
6
369 479 490 600 611 721 
0
0
SET-31
0
1
14
485 486 495 496 505 506 586 587 595 596 605 607 707 717 
0
0
SET-32
0
1
9
366 367 368 378 379 466 476 477 478 
0
0
SET-33
0
1
3
943 944 945 
0
0
SET-34
0
1
3
1015 1016 1017 
0
0
SET-35
0
1
7
508 509 629 630 631 751 872 
0
0
SET-36
0
1
11
899 900 901 1013 1020 1021 1022 1023 1141 1142 1143 
0
0
SET-37
0
1
7
217 218 219 338 339 340 460 
0
0
SET-38
0
1
5
82 83 1171 1292 1293 
0
0
SET-39
0
1
3
487 597 618 
0
0
SET-4
0
1
39
50 59 60 61 62 170 171 172 180 181 182 183 190 291 300 301 302 303 304 312 313 412 422 423 424 432 434 542 543 544 545 554 665 686 1260 1269 1270 1271 1272 
0
0
SET-40
0
1
1
581 
0
0
SET-41
0
1
5
28 996 1117 1118 1238 
0
0
SET-42
0
1
1
196 
0
0
SET-43
0
1
6
37 157 158 159 279 1247 
0
0
SET-44
0
1
1
592 
0
0
SET-45
0
1
8
89 98 99 1178 1188 1299 1308 1309 
0
0
SET-46
0
1
1
203 
0
0
SET-47
0
1
2
129 239 
0
0
SET-48
0
1
1
893 
0
0
SET-49
0
1
1
260 
0
0
SET-5
0
1
46
79 80 81 805 806 807 817 818 819 915 916 926 927 928 937 938 939 940 1036 1037 1038 1047 1048 1049 1057 1058 1059 1060 1061 1067 1156 1157 1158 1166 1167 1168 1169 1170 1177 1179 1180 1181 1182 1289 1290 1291 
0
0
SET-50
0
1
2
864 985 
0
0
SET-51
0
1
6
78 87 88 1288 1297 1298 
0
0
SET-52
0
1
6
103 1071 1191 1192 1193 1313 
0
0
SET-53
0
1
2
93 1303 
0
0
SET-54
0
1
2
488 598 
0
0
SET-55
0
1
1
862 
0
0
SET-56
0
1
1
257 
0
0
SET-57
0
1
2
892 902 
0
0
SET-58
0
1
6
38 1006 1126 1127 1128 1248 
0
0
SET-59
0
1
1
932 
0
0
SET-6
0
1
45
666 675 676 765 766 776 786 787 788 796 797 798 809 886 887 888 896 897 898 907 908 909 917 918 919 920 929 1007 1008 1009 1018 1019 1028 1029 1030 1031 1039 1040 1041 1051 1139 1140 1150 1151 1152 
0
0
SET-60
0
1
1
255 
0
0
SET-61
0
1
2
178 299 
0
0
SET-62
0
1
1
982 
0
0
SET-63
0
1
1
421 
0
0
SET-64
0
1
2
914 924 
0
0
SET-65
0
1
1
398 
0
0
SET-66
0
1
2
32 1242 
0
0
SET-67
0
1
2
51 1261 
0
0
SET-68
0
1
2
131 241 
0
0
SET-69
0
1
1
808 
0
0
SET-7
0
1
46
34 35 36 39 40 41 42 43 44 53 155 160 162 163 164 165 276 278 284 285 286 999 1000 1003 1004 1010 1011 1121 1123 1124 1125 1129 1130 1131 1132 1133 1244 1245 1246 1249 1250 1251 1252 1253 1254 1263 
0
0
SET-70
0
1
1
471 
0
0
SET-71
0
1
1
984 
0
0
SET-72
0
1
1
565 
0
0
SET-73
0
1
1
1195 
0
0
SET-74
0
1
1
1050 
0
0
SET-75
0
1
1
173 
0
0
SET-76
0
1
1
405 
0
0
SET-77
0
1
2
491 601 
0
0
SET-78
0
1
1
761 
0
0
SET-79
0
1
1
435 
0
0
SET-8
0
1
35
389 498 499 500 501 510 511 512 609 610 620 621 622 623 632 633 696 697 719 720 730 731 740 741 742 743 744 752 753 754 840 841 873 874 875 
0
0
SET-80
0
1
1
1190 
0
0
SET-81
0
1
1
1120 
0
0
SET-82
0
1
1
930 
0
0
SET-83
0
1
1
521 
0
0
SET-84
0
1
2
269 280 
0
0
SET-85
0
1
4
23 33 1233 1243 
0
0
SET-86
0
1
1
335 
0
0
SET-87
0
1
2
729 839 
0
0
SET-88
0
1
1
708 
0
0
SET-89
0
1
1
645 
0
0
SET-9
0
1
40
468 470 588 589 590 591 612 613 699 709 710 711 712 713 722 723 733 734 820 829 830 831 832 833 834 843 844 855 941 949 950 951 952 953 954 955 965 1073 1074 1075 
0
0
SET-90
0
1
1
828 
0
0
SET-91
0
1
1
336 
0
0
SET-92
0
1
1
1119 
0
0
SET-93
0
1
2
849 959 
0
0
SET-94
0
1
1
332 
0
0
SET-95
0
1
1
311 
0
0
SET-96
0
1
2
489 599 
0
0
SET-97
0
1
2
925 935 
0
0
SET-98
0
1
1
582 
0
0
SET-99
0
1
1
387 
0
0
0
737
ADAPTIVENODES
0
1
0
1
PART-1-1
1
1585 
0
EQN-SET-1
0
1
0
1
PART-1-1
1
1 
0
EQN-SET-10
0
1
0
1
PART-1-1
1
1297 
0
EQN-SET-100
0
1
0
1
PART-1-1
1
529 
0
EQN-SET-101
0
1
0
1
PART-1-1
1
673 
0
EQN-SET-102
0
1
0
1
PART-1-1
1
817 
0
EQN-SET-103
0
1
0
1
PART-1-1
1
961 
0
EQN-SET-104
0
1
0
1
PART-1-1
1
1105 
0
EQN-SET-105
0
1
0
1
PART-1-1
1
1249 
0
EQN-SET-106
0
1
0
1
PART-1-1
1
1393 
0
EQN-SET-107
0
1
0
1
PART-1-1
1
1537 
0
EQN-SET-108
0
1
0
1
PART-1-1
1
1681 
0
EQN-SET-109
0
1
0
1
PART-1-1
1
109 
0
EQN-SET-11
0
1
0
1
PART-1-1
1
1441 
0
EQN-SET-110
0
1
0
1
PART-1-1
1
253 
0
EQN-SET-111
0
1
0
1
PART-1-1
1
397 
0
EQN-SET-112
0
1
0
1
PART-1-1
1
541 
0
EQN-SET-113
0
1
0
1
PART-1-1
1
685 
0
EQN-SET-114
0
1
0
1
PART-1-1
1
829 
0
EQN-SET-115
0
1
0
1
PART-1-1
1
973 
0
EQN-SET-116
0
1
0
1
PART-1-1
1
1117 
0
EQN-SET-117
0
1
0
1
PART-1-1
1
1261 
0
EQN-SET-118
0
1
0
1
PART-1-1
1
1405 
0
EQN-SET-119
0
1
0
1
PART-1-1
1
1549 
0
EQN-SET-12
0
1
0
1
PART-1-1
1
1585 
0
EQN-SET-120
0
1
0
1
PART-1-1
1
1693 
0
EQN-SET-121
0
1
0
1
PART-1-1
1
121 
0
EQN-SET-122
0
1
0
1
PART-1-1
1
265 
0
EQN-SET-123
0
1
0
1
PART-1-1
1
409 
0
EQN-SET-124
0
1
0
1
PART-1-1
1
553 
0
EQN-SET-125
0
1
0
1
PART-1-1
1
697 
0
EQN-SET-126
0
1
0
1
PART-1-1
1
841 
0
EQN-SET-127
0
1
0
1
PART-1-1
1
985 
0
EQN-SET-128
0
1
0
1
PART-1-1
1
1129 
0
EQN-SET-129
0
1
0
1
PART-1-1
1
1273 
0
EQN-SET-13
0
1
0
1
PART-1-1
1
13 
0
EQN-SET-130
0
1
0
1
PART-1-1
1
1417 
0
EQN-SET-131
0
1
0
1
PART-1-1
1
1561 
0
EQN-SET-132
0
1
0
1
PART-1-1
1
1705 
0
EQN-SET-133
0
1
0
1
PART-1-1
1
133 
0
EQN-SET-134
0
1
0
1
PART-1-1
1
277 
0
EQN-SET-135
0
1
0
1
PART-1-1
1
421 
0
EQN-SET-136
0
1
0
1
PART-1-1
1
565 
0
EQN-SET-137
0
1
0
1
PART-1-1
1
709 
0
EQN-SET-138
0
1
0
1
PART-1-1
1
853 
0
EQN-SET-139
0
1
0
1
PART-1-1
1
997 
0
EQN-SET-14
0
1
0
1
PART-1-1
1
157 
0
EQN-SET-140
0
1
0
1
PART-1-1
1
1141 
0
EQN-SET-141
0
1
0
1
PART-1-1
1
1285 
0
EQN-SET-142
0
1
0
1
PART-1-1
1
1429 
0
EQN-SET-143
0
1
0
1
PART-1-1
1
1573 
0
EQN-SET-144
0
1
0
1
PART-1-1
1
1717 
0
EQN-SET-145
0
1
0
1
PART-1-1
1
2 
0
EQN-SET-146
0
1
0
1
PART-1-1
1
146 
0
EQN-SET-147
0
1
0
1
PART-1-1
1
290 
0
EQN-SET-148
0
1
0
1
PART-1-1
1
434 
0
EQN-SET-149
0
1
0
1
PART-1-1
1
578 
0
EQN-SET-15
0
1
0
1
PART-1-1
1
301 
0
EQN-SET-150
0
1
0
1
PART-1-1
1
722 
0
EQN-SET-151
0
1
0
1
PART-1-1
1
866 
0
EQN-SET-152
0
1
0
1
PART-1-1
1
1010 
0
EQN-SET-153
0
1
0
1
PART-1-1
1
1154 
0
EQN-SET-154
0
1
0
1
PART-1-1
1
1298 
0
EQN-SET-155
0
1
0
1
PART-1-1
1
1442 
0
EQN-SET-156
0
1
0
1
PART-1-1
1
1586 
0
EQN-SET-157
0
1
0
1
PART-1-1
1
14 
0
EQN-SET-158
0
1
0
1
PART-1-1
1
1598 
0
EQN-SET-159
0
1
0
1
PART-1-1
1
26 
0
EQN-SET-16
0
1
0
1
PART-1-1
1
445 
0
EQN-SET-160
0
1
0
1
PART-1-1
1
1610 
0
EQN-SET-161
0
1
0
1
PART-1-1
1
38 
0
EQN-SET-162
0
1
0
1
PART-1-1
1
1622 
0
EQN-SET-163
0
1
0
1
PART-1-1
1
50 
0
EQN-SET-164
0
1
0
1
PART-1-1
1
1634 
0
EQN-SET-165
0
1
0
1
PART-1-1
1
62 
0
EQN-SET-166
0
1
0
1
PART-1-1
1
1646 
0
EQN-SET-167
0
1
0
1
PART-1-1
1
74 
0
EQN-SET-168
0
1
0
1
PART-1-1
1
1658 
0
EQN-SET-169
0
1
0
1
PART-1-1
1
86 
0
EQN-SET-17
0
1
0
1
PART-1-1
1
589 
0
EQN-SET-170
0
1
0
1
PART-1-1
1
1670 
0
EQN-SET-171
0
1
0
1
PART-1-1
1
98 
0
EQN-SET-172
0
1
0
1
PART-1-1
1
1682 
0
EQN-SET-173
0
1
0
1
PART-1-1
1
110 
0
EQN-SET-174
0
1
0
1
PART-1-1
1
1694 
0
EQN-SET-175
0
1
0
1
PART-1-1
1
122 
0
EQN-SET-176
0
1
0
1
PART-1-1
1
1706 
0
EQN-SET-177
0
1
0
1
PART-1-1
1
134 
0
EQN-SET-178
0
1
0
1
PART-1-1
1
278 
0
EQN-SET-179
0
1
0
1
PART-1-1
1
422 
0
EQN-SET-18
0
1
0
1
PART-1-1
1
733 
0
EQN-SET-180
0
1
0
1
PART-1-1
1
566 
0
EQN-SET-181
0
1
0
1
PART-1-1
1
710 
0
EQN-SET-182
0
1
0
1
PART-1-1
1
854 
0
EQN-SET-183
0
1
0
1
PART-1-1
1
998 
0
EQN-SET-184
0
1
0
1
PART-1-1
1
1142 
0
EQN-SET-185
0
1
0
1
PART-1-1
1
1286 
0
EQN-SET-186
0
1
0
1
PART-1-1
1
1430 
0
EQN-SET-187
0
1
0
1
PART-1-1
1
1574 
0
EQN-SET-188
0
1
0
1
PART-1-1
1
1718 
0
EQN-SET-189
0
1
0
1
PART-1-1
1
3 
0
EQN-SET-19
0
1
0
1
PART-1-1
1
877 
0
EQN-SET-190
0
1
0
1
PART-1-1
1
147 
0
EQN-SET-191
0
1
0
1
PART-1-1
1
291 
0
EQN-SET-192
0
1
0
1
PART-1-1
1
435 
0
EQN-SET-193
0
1
0
1
PART-1-1
1
579 
0
EQN-SET-194
0
1
0
1
PART-1-1
1
723 
0
EQN-SET-195
0
1
0
1
PART-1-1
1
867 
0
EQN-SET-196
0
1
0
1
PART-1-1
1
1011 
0
EQN-SET-197
0
1
0
1
PART-1-1
1
1155 
0
EQN-SET-198
0
1
0
1
PART-1-1
1
1299 
0
EQN-SET-199
0
1
0
1
PART-1-1
1
1443 
0
EQN-SET-2
0
1
0
1
PART-1-1
1
145 
0
EQN-SET-20
0
1
0
1
PART-1-1
1
1021 
0
EQN-SET-200
0
1
0
1
PART-1-1
1
1587 
0
EQN-SET-201
0
1
0
1
PART-1-1
1
15 
0
EQN-SET-202
0
1
0
1
PART-1-1
1
1599 
0
EQN-SET-203
0
1
0
1
PART-1-1
1
27 
0
EQN-SET-204
0
1
0
1
PART-1-1
1
1611 
0
EQN-SET-205
0
1
0
1
PART-1-1
1
39 
0
EQN-SET-206
0
1
0
1
PART-1-1
1
1623 
0
EQN-SET-207
0
1
0
1
PART-1-1
1
51 
0
EQN-SET-208
0
1
0
1
PART-1-1
1
1635 
0
EQN-SET-209
0
1
0
1
PART-1-1
1
63 
0
EQN-SET-21
0
1
0
1
PART-1-1
1
1165 
0
EQN-SET-210
0
1
0
1
PART-1-1
1
1647 
0
EQN-SET-211
0
1
0
1
PART-1-1
1
75 
0
EQN-SET-212
0
1
0
1
PART-1-1
1
1659 
0
EQN-SET-213
0
1
0
1
PART-1-1
1
87 
0
EQN-SET-214
0
1
0
1
PART-1-1
1
1671 
0
EQN-SET-215
0
1
0
1
PART-1-1
1
99 
0
EQN-SET-216
0
1
0
1
PART-1-1
1
1683 
0
EQN-SET-217
0
1
0
1
PART-1-1
1
111 
0
EQN-SET-218
0
1
0
1
PART-1-1
1
1695 
0
EQN-SET-219
0
1
0
1
PART-1-1
1
123 
0
EQN-SET-22
0
1
0
1
PART-1-1
1
1309 
0
EQN-SET-220
0
1
0
1
PART-1-1
1
1707 
0
EQN-SET-221
0
1
0
1
PART-1-1
1
135 
0
EQN-SET-222
0
1
0
1
PART-1-1
1
279 
0
EQN-SET-223
0
1
0
1
PART-1-1
1
423 
0
EQN-SET-224
0
1
0
1
PART-1-1
1
567 
0
EQN-SET-225
0
1
0
1
PART-1-1
1
711 
0
EQN-SET-226
0
1
0
1
PART-1-1
1
855 
0
EQN-SET-227
0
1
0
1
PART-1-1
1
999 
0
EQN-SET-228
0
1
0
1
PART-1-1
1
1143 
0
EQN-SET-229
0
1
0
1
PART-1-1
1
1287 
0
EQN-SET-23
0
1
0
1
PART-1-1
1
1453 
0
EQN-SET-230
0
1
0
1
PART-1-1
1
1431 
0
EQN-SET-231
0
1
0
1
PART-1-1
1
1575 
0
EQN-SET-232
0
1
0
1
PART-1-1
1
1719 
0
EQN-SET-233
0
1
0
1
PART-1-1
1
4 
0
EQN-SET-234
0
1
0
1
PART-1-1
1
148 
0
EQN-SET-235
0
1
0
1
PART-1-1
1
292 
0
EQN-SET-236
0
1
0
1
PART-1-1
1
436 
0
EQN-SET-237
0
1
0
1
PART-1-1
1
580 
0
EQN-SET-238
0
1
0
1
PART-1-1
1
724 
0
EQN-SET-239
0
1
0
1
PART-1-1
1
868 
0
EQN-SET-24
0
1
0
1
PART-1-1
1
1597 
0
EQN-SET-240
0
1
0
1
PART-1-1
1
1012 
0
EQN-SET-241
0
1
0
1
PART-1-1
1
1156 
0
EQN-SET-242
0
1
0
1
PART-1-1
1
1300 
0
EQN-SET-243
0
1
0
1
PART-1-1
1
1444 
0
EQN-SET-244
0
1
0
1
PART-1-1
1
1588 
0
EQN-SET-245
0
1
0
1
PART-1-1
1
16 
0
EQN-SET-246
0
1
0
1
PART-1-1
1
1600 
0
EQN-SET-247
0
1
0
1
PART-1-1
1
28 
0
EQN-SET-248
0
1
0
1
PART-1-1
1
1612 
0
EQN-SET-249
0
1
0
1
PART-1-1
1
40 
0
EQN-SET-25
0
1
0
1
PART-1-1
1
25 
0
EQN-SET-250
0
1
0
1
PART-1-1
1
1624 
0
EQN-SET-251
0
1
0
1
PART-1-1
1
52 
0
EQN-SET-252
0
1
0
1
PART-1-1
1
1636 
0
EQN-SET-253
0
1
0
1
PART-1-1
1
64 
0
EQN-SET-254
0
1
0
1
PART-1-1
1
1648 
0
EQN-SET-255
0
1
0
1
PART-1-1
1
76 
0
EQN-SET-256
0
1
0
1
PART-1-1
1
1660 
0
EQN-SET-257
0
1
0
1
PART-1-1
1
88 
0
EQN-SET-258
0
1
0
1
PART-1-1
1
1672 
0
EQN-SET-259
0
1
0
1
PART-1-1
1
100 
0
EQN-SET-26
0
1
0
1
PART-1-1
1
169 
0
EQN-SET-260
0
1
0
1
PART-1-1
1
1684 
0
EQN-SET-261
0
1
0
1
PART-1-1
1
112 
0
EQN-SET-262
0
1
0
1
PART-1-1
1
1696 
0
EQN-SET-263
0
1
0
1
PART-1-1
1
124 
0
EQN-SET-264
0
1
0
1
PART-1-1
1
1708 
0
EQN-SET-265
0
1
0
1
PART-1-1
1
136 
0
EQN-SET-266
0
1
0
1
PART-1-1
1
280 
0
EQN-SET-267
0
1
0
1
PART-1-1
1
424 
0
EQN-SET-268
0
1
0
1
PART-1-1
1
568 
0
EQN-SET-269
0
1
0
1
PART-1-1
1
712 
0
EQN-SET-27
0
1
0
1
PART-1-1
1
313 
0
EQN-SET-270
0
1
0
1
PART-1-1
1
856 
0
EQN-SET-271
0
1
0
1
PART-1-1
1
1000 
0
EQN-SET-272
0
1
0
1
PART-1-1
1
1144 
0
EQN-SET-273
0
1
0
1
PART-1-1
1
1288 
0
EQN-SET-274
0
1
0
1
PART-1-1
1
1432 
0
EQN-SET-275
0
1
0
1
PART-1-1
1
1576 
0
EQN-SET-276
0
1
0
1
PART-1-1
1
1720 
0
EQN-SET-277
0
1
0
1
PART-1-1
1
5 
0
EQN-SET-278
0
1
0
1
PART-1-1
1
149 
0
EQN-SET-279
0
1
0
1
PART-1-1
1
293 
0
EQN-SET-28
0
1
0
1
PART-1-1
1
457 
0
EQN-SET-280
0
1
0
1
PART-1-1
1
437 
0
EQN-SET-281
0
1
0
1
PART-1-1
1
581 
0
EQN-SET-282
0
1
0
1
PART-1-1
1
725 
0
EQN-SET-283
0
1
0
1
PART-1-1
1
869 
0
EQN-SET-284
0
1
0
1
PART-1-1
1
1013 
0
EQN-SET-285
0
1
0
1
PART-1-1
1
1157 
0
EQN-SET-286
0
1
0
1
PART-1-1
1
1301 
0
EQN-SET-287
0
1
0
1
PART-1-1
1
1445 
0
EQN-SET-288
0
1
0
1
PART-1-1
1
1589 
0
EQN-SET-289
0
1
0
1
PART-1-1
1
17 
0
EQN-SET-29
0
1
0
1
PART-1-1
1
601 
0
EQN-SET-290
0
1
0
1
PART-1-1
1
1601 
0
EQN-SET-291
0
1
0
1
PART-1-1
1
29 
0
EQN-SET-292
0
1
0
1
PART-1-1
1
1613 
0
EQN-SET-293
0
1
0
1
PART-1-1
1
41 
0
EQN-SET-294
0
1
0
1
PART-1-1
1
1625 
0
EQN-SET-295
0
1
0
1
PART-1-1
1
53 
0
EQN-SET-296
0
1
0
1
PART-1-1
1
1637 
0
EQN-SET-297
0
1
0
1
PART-1-1
1
65 
0
EQN-SET-298
0
1
0
1
PART-1-1
1
1649 
0
EQN-SET-299
0
1
0
1
PART-1-1
1
77 
0
EQN-SET-3
0
1
0
1
PART-1-1
1
289 
0
EQN-SET-30
0
1
0
1
PART-1-1
1
745 
0
EQN-SET-300
0
1
0
1
PART-1-1
1
1661 
0
EQN-SET-301
0
1
0
1
PART-1-1
1
89 
0
EQN-SET-302
0
1
0
1
PART-1-1
1
1673 
0
EQN-SET-303
0
1
0
1
PART-1-1
1
101 
0
EQN-SET-304
0
1
0
1
PART-1-1
1
1685 
0
EQN-SET-305
0
1
0
1
PART-1-1
1
113 
0
EQN-SET-306
0
1
0
1
PART-1-1
1
1697 
0
EQN-SET-307
0
1
0
1
PART-1-1
1
125 
0
EQN-SET-308
0
1
0
1
PART-1-1
1
1709 
0
EQN-SET-309
0
1
0
1
PART-1-1
1
137 
0
EQN-SET-31
0
1
0
1
PART-1-1
1
889 
0
EQN-SET-310
0
1
0
1
PART-1-1
1
281 
0
EQN-SET-311
0
1
0
1
PART-1-1
1
425 
0
EQN-SET-312
0
1
0
1
PART-1-1
1
569 
0
EQN-SET-313
0
1
0
1
PART-1-1
1
713 
0
EQN-SET-314
0
1
0
1
PART-1-1
1
857 
0
EQN-SET-315
0
1
0
1
PART-1-1
1
1001 
0
EQN-SET-316
0
1
0
1
PART-1-1
1
1145 
0
EQN-SET-317
0
1
0
1
PART-1-1
1
1289 
0
EQN-SET-318
0
1
0
1
PART-1-1
1
1433 
0
EQN-SET-319
0
1
0
1
PART-1-1
1
1577 
0
EQN-SET-32
0
1
0
1
PART-1-1
1
1033 
0
EQN-SET-320
0
1
0
1
PART-1-1
1
1721 
0
EQN-SET-321
0
1
0
1
PART-1-1
1
6 
0
EQN-SET-322
0
1
0
1
PART-1-1
1
150 
0
EQN-SET-323
0
1
0
1
PART-1-1
1
294 
0
EQN-SET-324
0
1
0
1
PART-1-1
1
438 
0
EQN-SET-325
0
1
0
1
PART-1-1
1
582 
0
EQN-SET-326
0
1
0
1
PART-1-1
1
726 
0
EQN-SET-327
0
1
0
1
PART-1-1
1
870 
0
EQN-SET-328
0
1
0
1
PART-1-1
1
1014 
0
EQN-SET-329
0
1
0
1
PART-1-1
1
1158 
0
EQN-SET-33
0
1
0
1
PART-1-1
1
1177 
0
EQN-SET-330
0
1
0
1
PART-1-1
1
1302 
0
EQN-SET-331
0
1
0
1
PART-1-1
1
1446 
0
EQN-SET-332
0
1
0
1
PART-1-1
1
1590 
0
EQN-SET-333
0
1
0
1
PART-1-1
1
18 
0
EQN-SET-334
0
1
0
1
PART-1-1
1
1602 
0
EQN-SET-335
0
1
0
1
PART-1-1
1
30 
0
EQN-SET-336
0
1
0
1
PART-1-1
1
1614 
0
EQN-SET-337
0
1
0
1
PART-1-1
1
42 
0
EQN-SET-338
0
1
0
1
PART-1-1
1
1626 
0
EQN-SET-339
0
1
0
1
PART-1-1
1
54 
0
EQN-SET-34
0
1
0
1
PART-1-1
1
1321 
0
EQN-SET-340
0
1
0
1
PART-1-1
1
1638 
0
EQN-SET-341
0
1
0
1
PART-1-1
1
66 
0
EQN-SET-342
0
1
0
1
PART-1-1
1
1650 
0
EQN-SET-343
0
1
0
1
PART-1-1
1
78 
0
EQN-SET-344
0
1
0
1
PART-1-1
1
1662 
0
EQN-SET-345
0
1
0
1
PART-1-1
1
90 
0
EQN-SET-346
0
1
0
1
PART-1-1
1
1674 
0
EQN-SET-347
0
1
0
1
PART-1-1
1
102 
0
EQN-SET-348
0
1
0
1
PART-1-1
1
1686 
0
EQN-SET-349
0
1
0
1
PART-1-1
1
114 
0
EQN-SET-35
0
1
0
1
PART-1-1
1
1465 
0
EQN-SET-350
0
1
0
1
PART-1-1
1
1698 
0
EQN-SET-351
0
1
0
1
PART-1-1
1
126 
0
EQN-SET-352
0
1
0
1
PART-1-1
1
1710 
0
EQN-SET-353
0
1
0
1
PART-1-1
1
138 
0
EQN-SET-354
0
1
0
1
PART-1-1
1
282 
0
EQN-SET-355
0
1
0
1
PART-1-1
1
426 
0
EQN-SET-356
0
1
0
1
PART-1-1
1
570 
0
EQN-SET-357
0
1
0
1
PART-1-1
1
714 
0
EQN-SET-358
0
1
0
1
PART-1-1
1
858 
0
EQN-SET-359
0
1
0
1
PART-1-1
1
1002 
0
EQN-SET-36
0
1
0
1
PART-1-1
1
1609 
0
EQN-SET-360
0
1
0
1
PART-1-1
1
1146 
0
EQN-SET-361
0
1
0
1
PART-1-1
1
1290 
0
EQN-SET-362
0
1
0
1
PART-1-1
1
1434 
0
EQN-SET-363
0
1
0
1
PART-1-1
1
1578 
0
EQN-SET-364
0
1
0
1
PART-1-1
1
1722 
0
EQN-SET-365
0
1
0
1
PART-1-1
1
7 
0
EQN-SET-366
0
1
0
1
PART-1-1
1
151 
0
EQN-SET-367
0
1
0
1
PART-1-1
1
295 
0
EQN-SET-368
0
1
0
1
PART-1-1
1
439 
0
EQN-SET-369
0
1
0
1
PART-1-1
1
583 
0
EQN-SET-37
0
1
0
1
PART-1-1
1
37 
0
EQN-SET-370
0
1
0
1
PART-1-1
1
727 
0
EQN-SET-371
0
1
0
1
PART-1-1
1
871 
0
EQN-SET-372
0
1
0
1
PART-1-1
1
1015 
0
EQN-SET-373
0
1
0
1
PART-1-1
1
1159 
0
EQN-SET-374
0
1
0
1
PART-1-1
1
1303 
0
EQN-SET-375
0
1
0
1
PART-1-1
1
1447 
0
EQN-SET-376
0
1
0
1
PART-1-1
1
1591 
0
EQN-SET-377
0
1
0
1
PART-1-1
1
19 
0
EQN-SET-378
0
1
0
1
PART-1-1
1
1603 
0
EQN-SET-379
0
1
0
1
PART-1-1
1
31 
0
EQN-SET-38
0
1
0
1
PART-1-1
1
181 
0
EQN-SET-380
0
1
0
1
PART-1-1
1
1615 
0
EQN-SET-381
0
1
0
1
PART-1-1
1
43 
0
EQN-SET-382
0
1
0
1
PART-1-1
1
1627 
0
EQN-SET-383
0
1
0
1
PART-1-1
1
55 
0
EQN-SET-384
0
1
0
1
PART-1-1
1
1639 
0
EQN-SET-385
0
1
0
1
PART-1-1
1
67 
0
EQN-SET-386
0
1
0
1
PART-1-1
1
1651 
0
EQN-SET-387
0
1
0
1
PART-1-1
1
79 
0
EQN-SET-388
0
1
0
1
PART-1-1
1
1663 
0
EQN-SET-389
0
1
0
1
PART-1-1
1
91 
0
EQN-SET-39
0
1
0
1
PART-1-1
1
325 
0
EQN-SET-390
0
1
0
1
PART-1-1
1
1675 
0
EQN-SET-391
0
1
0
1
PART-1-1
1
103 
0
EQN-SET-392
0
1
0
1
PART-1-1
1
1687 
0
EQN-SET-393
0
1
0
1
PART-1-1
1
115 
0
EQN-SET-394
0
1
0
1
PART-1-1
1
1699 
0
EQN-SET-395
0
1
0
1
PART-1-1
1
127 
0
EQN-SET-396
0
1
0
1
PART-1-1
1
1711 
0
EQN-SET-397
0
1
0
1
PART-1-1
1
139 
0
EQN-SET-398
0
1
0
1
PART-1-1
1
283 
0
EQN-SET-399
0
1
0
1
PART-1-1
1
427 
0
EQN-SET-4
0
1
0
1
PART-1-1
1
433 
0
EQN-SET-40
0
1
0
1
PART-1-1
1
469 
0
EQN-SET-400
0
1
0
1
PART-1-1
1
571 
0
EQN-SET-401
0
1
0
1
PART-1-1
1
715 
0
EQN-SET-402
0
1
0
1
PART-1-1
1
859 
0
EQN-SET-403
0
1
0
1
PART-1-1
1
1003 
0
EQN-SET-404
0
1
0
1
PART-1-1
1
1147 
0
EQN-SET-405
0
1
0
1
PART-1-1
1
1291 
0
EQN-SET-406
0
1
0
1
PART-1-1
1
1435 
0
EQN-SET-407
0
1
0
1
PART-1-1
1
1579 
0
EQN-SET-408
0
1
0
1
PART-1-1
1
1723 
0
EQN-SET-409
0
1
0
1
PART-1-1
1
8 
0
EQN-SET-41
0
1
0
1
PART-1-1
1
613 
0
EQN-SET-410
0
1
0
1
PART-1-1
1
152 
0
EQN-SET-411
0
1
0
1
PART-1-1
1
296 
0
EQN-SET-412
0
1
0
1
PART-1-1
1
440 
0
EQN-SET-413
0
1
0
1
PART-1-1
1
584 
0
EQN-SET-414
0
1
0
1
PART-1-1
1
728 
0
EQN-SET-415
0
1
0
1
PART-1-1
1
872 
0
EQN-SET-416
0
1
0
1
PART-1-1
1
1016 
0
EQN-SET-417
0
1
0
1
PART-1-1
1
1160 
0
EQN-SET-418
0
1
0
1
PART-1-1
1
1304 
0
EQN-SET-419
0
1
0
1
PART-1-1
1
1448 
0
EQN-SET-42
0
1
0
1
PART-1-1
1
757 
0
EQN-SET-420
0
1
0
1
PART-1-1
1
1592 
0
EQN-SET-421
0
1
0
1
PART-1-1
1
20 
0
EQN-SET-422
0
1
0
1
PART-1-1
1
1604 
0
EQN-SET-423
0
1
0
1
PART-1-1
1
32 
0
EQN-SET-424
0
1
0
1
PART-1-1
1
1616 
0
EQN-SET-425
0
1
0
1
PART-1-1
1
44 
0
EQN-SET-426
0
1
0
1
PART-1-1
1
1628 
0
EQN-SET-427
0
1
0
1
PART-1-1
1
56 
0
EQN-SET-428
0
1
0
1
PART-1-1
1
1640 
0
EQN-SET-429
0
1
0
1
PART-1-1
1
68 
0
EQN-SET-43
0
1
0
1
PART-1-1
1
901 
0
EQN-SET-430
0
1
0
1
PART-1-1
1
1652 
0
EQN-SET-431
0
1
0
1
PART-1-1
1
80 
0
EQN-SET-432
0
1
0
1
PART-1-1
1
1664 
0
EQN-SET-433
0
1
0
1
PART-1-1
1
92 
0
EQN-SET-434
0
1
0
1
PART-1-1
1
1676 
0
EQN-SET-435
0
1
0
1
PART-1-1
1
104 
0
EQN-SET-436
0
1
0
1
PART-1-1
1
1688 
0
EQN-SET-437
0
1
0
1
PART-1-1
1
116 
0
EQN-SET-438
0
1
0
1
PART-1-1
1
1700 
0
EQN-SET-439
0
1
0
1
PART-1-1
1
128 
0
EQN-SET-44
0
1
0
1
PART-1-1
1
1045 
0
EQN-SET-440
0
1
0
1
PART-1-1
1
1712 
0
EQN-SET-441
0
1
0
1
PART-1-1
1
140 
0
EQN-SET-442
0
1
0
1
PART-1-1
1
284 
0
EQN-SET-443
0
1
0
1
PART-1-1
1
428 
0
EQN-SET-444
0
1
0
1
PART-1-1
1
572 
0
EQN-SET-445
0
1
0
1
PART-1-1
1
716 
0
EQN-SET-446
0
1
0
1
PART-1-1
1
860 
0
EQN-SET-447
0
1
0
1
PART-1-1
1
1004 
0
EQN-SET-448
0
1
0
1
PART-1-1
1
1148 
0
EQN-SET-449
0
1
0
1
PART-1-1
1
1292 
0
EQN-SET-45
0
1
0
1
PART-1-1
1
1189 
0
EQN-SET-450
0
1
0
1
PART-1-1
1
1436 
0
EQN-SET-451
0
1
0
1
PART-1-1
1
1580 
0
EQN-SET-452
0
1
0
1
PART-1-1
1
1724 
0
EQN-SET-453
0
1
0
1
PART-1-1
1
9 
0
EQN-SET-454
0
1
0
1
PART-1-1
1
153 
0
EQN-SET-455
0
1
0
1
PART-1-1
1
297 
0
EQN-SET-456
0
1
0
1
PART-1-1
1
441 
0
EQN-SET-457
0
1
0
1
PART-1-1
1
585 
0
EQN-SET-458
0
1
0
1
PART-1-1
1
729 
0
EQN-SET-459
0
1
0
1
PART-1-1
1
873 
0
EQN-SET-46
0
1
0
1
PART-1-1
1
1333 
0
EQN-SET-460
0
1
0
1
PART-1-1
1
1017 
0
EQN-SET-461
0
1
0
1
PART-1-1
1
1161 
0
EQN-SET-462
0
1
0
1
PART-1-1
1
1305 
0
EQN-SET-463
0
1
0
1
PART-1-1
1
1449 
0
EQN-SET-464
0
1
0
1
PART-1-1
1
1593 
0
EQN-SET-465
0
1
0
1
PART-1-1
1
21 
0
EQN-SET-466
0
1
0
1
PART-1-1
1
1605 
0
EQN-SET-467
0
1
0
1
PART-1-1
1
33 
0
EQN-SET-468
0
1
0
1
PART-1-1
1
1617 
0
EQN-SET-469
0
1
0
1
PART-1-1
1
45 
0
EQN-SET-47
0
1
0
1
PART-1-1
1
1477 
0
EQN-SET-470
0
1
0
1
PART-1-1
1
1629 
0
EQN-SET-471
0
1
0
1
PART-1-1
1
57 
0
EQN-SET-472
0
1
0
1
PART-1-1
1
1641 
0
EQN-SET-473
0
1
0
1
PART-1-1
1
69 
0
EQN-SET-474
0
1
0
1
PART-1-1
1
1653 
0
EQN-SET-475
0
1
0
1
PART-1-1
1
81 
0
EQN-SET-476
0
1
0
1
PART-1-1
1
1665 
0
EQN-SET-477
0
1
0
1
PART-1-1
1
93 
0
EQN-SET-478
0
1
0
1
PART-1-1
1
1677 
0
EQN-SET-479
0
1
0
1
PART-1-1
1
105 
0
EQN-SET-48
0
1
0
1
PART-1-1
1
1621 
0
EQN-SET-480
0
1
0
1
PART-1-1
1
1689 
0
EQN-SET-481
0
1
0
1
PART-1-1
1
117 
0
EQN-SET-482
0
1
0
1
PART-1-1
1
1701 
0
EQN-SET-483
0
1
0
1
PART-1-1
1
129 
0
EQN-SET-484
0
1
0
1
PART-1-1
1
1713 
0
EQN-SET-485
0
1
0
1
PART-1-1
1
141 
0
EQN-SET-486
0
1
0
1
PART-1-1
1
285 
0
EQN-SET-487
0
1
0
1
PART-1-1
1
429 
0
EQN-SET-488
0
1
0
1
PART-1-1
1
573 
0
EQN-SET-489
0
1
0
1
PART-1-1
1
717 
0
EQN-SET-49
0
1
0
1
PART-1-1
1
49 
0
EQN-SET-490
0
1
0
1
PART-1-1
1
861 
0
EQN-SET-491
0
1
0
1
PART-1-1
1
1005 
0
EQN-SET-492
0
1
0
1
PART-1-1
1
1149 
0
EQN-SET-493
0
1
0
1
PART-1-1
1
1293 
0
EQN-SET-494
0
1
0
1
PART-1-1
1
1437 
0
EQN-SET-495
0
1
0
1
PART-1-1
1
1581 
0
EQN-SET-496
0
1
0
1
PART-1-1
1
1725 
0
EQN-SET-497
0
1
0
1
PART-1-1
1
10 
0
EQN-SET-498
0
1
0
1
PART-1-1
1
154 
0
EQN-SET-499
0
1
0
1
PART-1-1
1
298 
0
EQN-SET-5
0
1
0
1
PART-1-1
1
577 
0
EQN-SET-50
0
1
0
1
PART-1-1
1
193 
0
EQN-SET-500
0
1
0
1
PART-1-1
1
442 
0
EQN-SET-501
0
1
0
1
PART-1-1
1
586 
0
EQN-SET-502
0
1
0
1
PART-1-1
1
730 
0
EQN-SET-503
0
1
0
1
PART-1-1
1
874 
0
EQN-SET-504
0
1
0
1
PART-1-1
1
1018 
0
EQN-SET-505
0
1
0
1
PART-1-1
1
1162 
0
EQN-SET-506
0
1
0
1
PART-1-1
1
1306 
0
EQN-SET-507
0
1
0
1
PART-1-1
1
1450 
0
EQN-SET-508
0
1
0
1
PART-1-1
1
1594 
0
EQN-SET-509
0
1
0
1
PART-1-1
1
22 
0
EQN-SET-51
0
1
0
1
PART-1-1
1
337 
0
EQN-SET-510
0
1
0
1
PART-1-1
1
1606 
0
EQN-SET-511
0
1
0
1
PART-1-1
1
34 
0
EQN-SET-512
0
1
0
1
PART-1-1
1
1618 
0
EQN-SET-513
0
1
0
1
PART-1-1
1
46 
0
EQN-SET-514
0
1
0
1
PART-1-1
1
1630 
0
EQN-SET-515
0
1
0
1
PART-1-1
1
58 
0
EQN-SET-516
0
1
0
1
PART-1-1
1
1642 
0
EQN-SET-517
0
1
0
1
PART-1-1
1
70 
0
EQN-SET-518
0
1
0
1
PART-1-1
1
1654 
0
EQN-SET-519
0
1
0
1
PART-1-1
1
82 
0
EQN-SET-52
0
1
0
1
PART-1-1
1
481 
0
EQN-SET-520
0
1
0
1
PART-1-1
1
1666 
0
EQN-SET-521
0
1
0
1
PART-1-1
1
94 
0
EQN-SET-522
0
1
0
1
PART-1-1
1
1678 
0
EQN-SET-523
0
1
0
1
PART-1-1
1
106 
0
EQN-SET-524
0
1
0
1
PART-1-1
1
1690 
0
EQN-SET-525
0
1
0
1
PART-1-1
1
118 
0
EQN-SET-526
0
1
0
1
PART-1-1
1
1702 
0
EQN-SET-527
0
1
0
1
PART-1-1
1
130 
0
EQN-SET-528
0
1
0
1
PART-1-1
1
1714 
0
EQN-SET-529
0
1
0
1
PART-1-1
1
142 
0
EQN-SET-53
0
1
0
1
PART-1-1
1
625 
0
EQN-SET-530
0
1
0
1
PART-1-1
1
286 
0
EQN-SET-531
0
1
0
1
PART-1-1
1
430 
0
EQN-SET-532
0
1
0
1
PART-1-1
1
574 
0
EQN-SET-533
0
1
0
1
PART-1-1
1
718 
0
EQN-SET-534
0
1
0
1
PART-1-1
1
862 
0
EQN-SET-535
0
1
0
1
PART-1-1
1
1006 
0
EQN-SET-536
0
1
0
1
PART-1-1
1
1150 
0
EQN-SET-537
0
1
0
1
PART-1-1
1
1294 
0
EQN-SET-538
0
1
0
1
PART-1-1
1
1438 
0
EQN-SET-539
0
1
0
1
PART-1-1
1
1582 
0
EQN-SET-54
0
1
0
1
PART-1-1
1
769 
0
EQN-SET-540
0
1
0
1
PART-1-1
1
1726 
0
EQN-SET-541
0
1
0
1
PART-1-1
1
11 
0
EQN-SET-542
0
1
0
1
PART-1-1
1
155 
0
EQN-SET-543
0
1
0
1
PART-1-1
1
299 
0
EQN-SET-544
0
1
0
1
PART-1-1
1
443 
0
EQN-SET-545
0
1
0
1
PART-1-1
1
587 
0
EQN-SET-546
0
1
0
1
PART-1-1
1
731 
0
EQN-SET-547
0
1
0
1
PART-1-1
1
875 
0
EQN-SET-548
0
1
0
1
PART-1-1
1
1019 
0
EQN-SET-549
0
1
0
1
PART-1-1
1
1163 
0
EQN-SET-55
0
1
0
1
PART-1-1
1
913 
0
EQN-SET-550
0
1
0
1
PART-1-1
1
1307 
0
EQN-SET-551
0
1
0
1
PART-1-1
1
1451 
0
EQN-SET-552
0
1
0
1
PART-1-1
1
1595 
0
EQN-SET-553
0
1
0
1
PART-1-1
1
23 
0
EQN-SET-554
0
1
0
1
PART-1-1
1
1607 
0
EQN-SET-555
0
1
0
1
PART-1-1
1
35 
0
EQN-SET-556
0
1
0
1
PART-1-1
1
1619 
0
EQN-SET-557
0
1
0
1
PART-1-1
1
47 
0
EQN-SET-558
0
1
0
1
PART-1-1
1
1631 
0
EQN-SET-559
0
1
0
1
PART-1-1
1
59 
0
EQN-SET-56
0
1
0
1
PART-1-1
1
1057 
0
EQN-SET-560
0
1
0
1
PART-1-1
1
1643 
0
EQN-SET-561
0
1
0
1
PART-1-1
1
71 
0
EQN-SET-562
0
1
0
1
PART-1-1
1
1655 
0
EQN-SET-563
0
1
0
1
PART-1-1
1
83 
0
EQN-SET-564
0
1
0
1
PART-1-1
1
1667 
0
EQN-SET-565
0
1
0
1
PART-1-1
1
95 
0
EQN-SET-566
0
1
0
1
PART-1-1
1
1679 
0
EQN-SET-567
0
1
0
1
PART-1-1
1
107 
0
EQN-SET-568
0
1
0
1
PART-1-1
1
1691 
0
EQN-SET-569
0
1
0
1
PART-1-1
1
119 
0
EQN-SET-57
0
1
0
1
PART-1-1
1
1201 
0
EQN-SET-570
0
1
0
1
PART-1-1
1
1703 
0
EQN-SET-571
0
1
0
1
PART-1-1
1
131 
0
EQN-SET-572
0
1
0
1
PART-1-1
1
1715 
0
EQN-SET-573
0
1
0
1
PART-1-1
1
143 
0
EQN-SET-574
0
1
0
1
PART-1-1
1
287 
0
EQN-SET-575
0
1
0
1
PART-1-1
1
431 
0
EQN-SET-576
0
1
0
1
PART-1-1
1
575 
0
EQN-SET-577
0
1
0
1
PART-1-1
1
719 
0
EQN-SET-578
0
1
0
1
PART-1-1
1
863 
0
EQN-SET-579
0
1
0
1
PART-1-1
1
1007 
0
EQN-SET-58
0
1
0
1
PART-1-1
1
1345 
0
EQN-SET-580
0
1
0
1
PART-1-1
1
1151 
0
EQN-SET-581
0
1
0
1
PART-1-1
1
1295 
0
EQN-SET-582
0
1
0
1
PART-1-1
1
1439 
0
EQN-SET-583
0
1
0
1
PART-1-1
1
1583 
0
EQN-SET-584
0
1
0
1
PART-1-1
1
1727 
0
EQN-SET-585
0
1
0
1
PART-1-1
1
12 
0
EQN-SET-586
0
1
0
1
PART-1-1
1
156 
0
EQN-SET-587
0
1
0
1
PART-1-1
1
300 
0
EQN-SET-588
0
1
0
1
PART-1-1
1
444 
0
EQN-SET-589
0
1
0
1
PART-1-1
1
588 
0
EQN-SET-59
0
1
0
1
PART-1-1
1
1489 
0
EQN-SET-590
0
1
0
1
PART-1-1
1
732 
0
EQN-SET-591
0
1
0
1
PART-1-1
1
876 
0
EQN-SET-592
0
1
0
1
PART-1-1
1
1020 
0
EQN-SET-593
0
1
0
1
PART-1-1
1
1164 
0
EQN-SET-594
0
1
0
1
PART-1-1
1
1308 
0
EQN-SET-595
0
1
0
1
PART-1-1
1
1452 
0
EQN-SET-596
0
1
0
1
PART-1-1
1
1596 
0
EQN-SET-597
0
1
0
1
PART-1-1
1
24 
0
EQN-SET-598
0
1
0
1
PART-1-1
1
168 
0
EQN-SET-599
0
1
0
1
PART-1-1
1
312 
0
EQN-SET-6
0
1
0
1
PART-1-1
1
721 
0
EQN-SET-60
0
1
0
1
PART-1-1
1
1633 
0
EQN-SET-600
0
1
0
1
PART-1-1
1
456 
0
EQN-SET-601
0
1
0
1
PART-1-1
1
600 
0
EQN-SET-602
0
1
0
1
PART-1-1
1
744 
0
EQN-SET-603
0
1
0
1
PART-1-1
1
888 
0
EQN-SET-604
0
1
0
1
PART-1-1
1
1032 
0
EQN-SET-605
0
1
0
1
PART-1-1
1
1176 
0
EQN-SET-606
0
1
0
1
PART-1-1
1
1320 
0
EQN-SET-607
0
1
0
1
PART-1-1
1
1464 
0
EQN-SET-608
0
1
0
1
PART-1-1
1
1608 
0
EQN-SET-609
0
1
0
1
PART-1-1
1
36 
0
EQN-SET-61
0
1
0
1
PART-1-1
1
61 
0
EQN-SET-610
0
1
0
1
PART-1-1
1
180 
0
EQN-SET-611
0
1
0
1
PART-1-1
1
324 
0
EQN-SET-612
0
1
0
1
PART-1-1
1
468 
0
EQN-SET-613
0
1
0
1
PART-1-1
1
612 
0
EQN-SET-614
0
1
0
1
PART-1-1
1
756 
0
EQN-SET-615
0
1
0
1
PART-1-1
1
900 
0
EQN-SET-616
0
1
0
1
PART-1-1
1
1044 
0
EQN-SET-617
0
1
0
1
PART-1-1
1
1188 
0
EQN-SET-618
0
1
0
1
PART-1-1
1
1332 
0
EQN-SET-619
0
1
0
1
PART-1-1
1
1476 
0
EQN-SET-62
0
1
0
1
PART-1-1
1
205 
0
EQN-SET-620
0
1
0
1
PART-1-1
1
1620 
0
EQN-SET-621
0
1
0
1
PART-1-1
1
48 
0
EQN-SET-622
0
1
0
1
PART-1-1
1
192 
0
EQN-SET-623
0
1
0
1
PART-1-1
1
336 
0
EQN-SET-624
0
1
0
1
PART-1-1
1
480 
0
EQN-SET-625
0
1
0
1
PART-1-1
1
624 
0
EQN-SET-626
0
1
0
1
PART-1-1
1
768 
0
EQN-SET-627
0
1
0
1
PART-1-1
1
912 
0
EQN-SET-628
0
1
0
1
PART-1-1
1
1056 
0
EQN-SET-629
0
1
0
1
PART-1-1
1
1200 
0
EQN-SET-63
0
1
0
1
PART-1-1
1
349 
0
EQN-SET-630
0
1
0
1
PART-1-1
1
1344 
0
EQN-SET-631
0
1
0
1
PART-1-1
1
1488 
0
EQN-SET-632
0
1
0
1
PART-1-1
1
1632 
0
EQN-SET-633
0
1
0
1
PART-1-1
1
60 
0
EQN-SET-634
0
1
0
1
PART-1-1
1
204 
0
EQN-SET-635
0
1
0
1
PART-1-1
1
348 
0
EQN-SET-636
0
1
0
1
PART-1-1
1
492 
0
EQN-SET-637
0
1
0
1
PART-1-1
1
636 
0
EQN-SET-638
0
1
0
1
PART-1-1
1
780 
0
EQN-SET-639
0
1
0
1
PART-1-1
1
924 
0
EQN-SET-64
0
1
0
1
PART-1-1
1
493 
0
EQN-SET-640
0
1
0
1
PART-1-1
1
1068 
0
EQN-SET-641
0
1
0
1
PART-1-1
1
1212 
0
EQN-SET-642
0
1
0
1
PART-1-1
1
1356 
0
EQN-SET-643
0
1
0
1
PART-1-1
1
1500 
0
EQN-SET-644
0
1
0
1
PART-1-1
1
1644 
0
EQN-SET-645
0
1
0
1
PART-1-1
1
72 
0
EQN-SET-646
0
1
0
1
PART-1-1
1
216 
0
EQN-SET-647
0
1
0
1
PART-1-1
1
360 
0
EQN-SET-648
0
1
0
1
PART-1-1
1
504 
0
EQN-SET-649
0
1
0
1
PART-1-1
1
648 
0
EQN-SET-65
0
1
0
1
PART-1-1
1
637 
0
EQN-SET-650
0
1
0
1
PART-1-1
1
792 
0
EQN-SET-651
0
1
0
1
PART-1-1
1
936 
0
EQN-SET-652
0
1
0
1
PART-1-1
1
1080 
0
EQN-SET-653
0
1
0
1
PART-1-1
1
1224 
0
EQN-SET-654
0
1
0
1
PART-1-1
1
1368 
0
EQN-SET-655
0
1
0
1
PART-1-1
1
1512 
0
EQN-SET-656
0
1
0
1
PART-1-1
1
1656 
0
EQN-SET-657
0
1
0
1
PART-1-1
1
84 
0
EQN-SET-658
0
1
0
1
PART-1-1
1
228 
0
EQN-SET-659
0
1
0
1
PART-1-1
1
372 
0
EQN-SET-66
0
1
0
1
PART-1-1
1
781 
0
EQN-SET-660
0
1
0
1
PART-1-1
1
516 
0
EQN-SET-661
0
1
0
1
PART-1-1
1
660 
0
EQN-SET-662
0
1
0
1
PART-1-1
1
804 
0
EQN-SET-663
0
1
0
1
PART-1-1
1
948 
0
EQN-SET-664
0
1
0
1
PART-1-1
1
1092 
0
EQN-SET-665
0
1
0
1
PART-1-1
1
1236 
0
EQN-SET-666
0
1
0
1
PART-1-1
1
1380 
0
EQN-SET-667
0
1
0
1
PART-1-1
1
1524 
0
EQN-SET-668
0
1
0
1
PART-1-1
1
1668 
0
EQN-SET-669
0
1
0
1
PART-1-1
1
96 
0
EQN-SET-67
0
1
0
1
PART-1-1
1
925 
0
EQN-SET-670
0
1
0
1
PART-1-1
1
240 
0
EQN-SET-671
0
1
0
1
PART-1-1
1
384 
0
EQN-SET-672
0
1
0
1
PART-1-1
1
528 
0
EQN-SET-673
0
1
0
1
PART-1-1
1
672 
0
EQN-SET-674
0
1
0
1
PART-1-1
1
816 
0
EQN-SET-675
0
1
0
1
PART-1-1
1
960 
0
EQN-SET-676
0
1
0
1
PART-1-1
1
1104 
0
EQN-SET-677
0
1
0
1
PART-1-1
1
1248 
0
EQN-SET-678
0
1
0
1
PART-1-1
1
1392 
0
EQN-SET-679
0
1
0
1
PART-1-1
1
1536 
0
EQN-SET-68
0
1
0
1
PART-1-1
1
1069 
0
EQN-SET-680
0
1
0
1
PART-1-1
1
1680 
0
EQN-SET-681
0
1
0
1
PART-1-1
1
108 
0
EQN-SET-682
0
1
0
1
PART-1-1
1
252 
0
EQN-SET-683
0
1
0
1
PART-1-1
1
396 
0
EQN-SET-684
0
1
0
1
PART-1-1
1
540 
0
EQN-SET-685
0
1
0
1
PART-1-1
1
684 
0
EQN-SET-686
0
1
0
1
PART-1-1
1
828 
0
EQN-SET-687
0
1
0
1
PART-1-1
1
972 
0
EQN-SET-688
0
1
0
1
PART-1-1
1
1116 
0
EQN-SET-689
0
1
0
1
PART-1-1
1
1260 
0
EQN-SET-69
0
1
0
1
PART-1-1
1
1213 
0
EQN-SET-690
0
1
0
1
PART-1-1
1
1404 
0
EQN-SET-691
0
1
0
1
PART-1-1
1
1548 
0
EQN-SET-692
0
1
0
1
PART-1-1
1
1692 
0
EQN-SET-693
0
1
0
1
PART-1-1
1
120 
0
EQN-SET-694
0
1
0
1
PART-1-1
1
264 
0
EQN-SET-695
0
1
0
1
PART-1-1
1
408 
0
EQN-SET-696
0
1
0
1
PART-1-1
1
552 
0
EQN-SET-697
0
1
0
1
PART-1-1
1
696 
0
EQN-SET-698
0
1
0
1
PART-1-1
1
840 
0
EQN-SET-699
0
1
0
1
PART-1-1
1
984 
0
EQN-SET-7
0
1
0
1
PART-1-1
1
865 
0
EQN-SET-70
0
1
0
1
PART-1-1
1
1357 
0
EQN-SET-700
0
1
0
1
PART-1-1
1
1128 
0
EQN-SET-701
0
1
0
1
PART-1-1
1
1272 
0
EQN-SET-702
0
1
0
1
PART-1-1
1
1416 
0
EQN-SET-703
0
1
0
1
PART-1-1
1
1560 
0
EQN-SET-704
0
1
0
1
PART-1-1
1
1704 
0
EQN-SET-705
0
1
0
1
PART-1-1
1
132 
0
EQN-SET-706
0
1
0
1
PART-1-1
1
276 
0
EQN-SET-707
0
1
0
1
PART-1-1
1
420 
0
EQN-SET-708
0
1
0
1
PART-1-1
1
564 
0
EQN-SET-709
0
1
0
1
PART-1-1
1
708 
0
EQN-SET-71
0
1
0
1
PART-1-1
1
1501 
0
EQN-SET-710
0
1
0
1
PART-1-1
1
852 
0
EQN-SET-711
0
1
0
1
PART-1-1
1
996 
0
EQN-SET-712
0
1
0
1
PART-1-1
1
1140 
0
EQN-SET-713
0
1
0
1
PART-1-1
1
1284 
0
EQN-SET-714
0
1
0
1
PART-1-1
1
1428 
0
EQN-SET-715
0
1
0
1
PART-1-1
1
1572 
0
EQN-SET-716
0
1
0
1
PART-1-1
1
1716 
0
EQN-SET-717
0
1
0
1
PART-1-1
1
144 
0
EQN-SET-718
0
1
0
1
PART-1-1
1
288 
0
EQN-SET-719
0
1
0
1
PART-1-1
1
432 
0
EQN-SET-72
0
1
0
1
PART-1-1
1
1645 
0
EQN-SET-720
0
1
0
1
PART-1-1
1
576 
0
EQN-SET-721
0
1
0
1
PART-1-1
1
720 
0
EQN-SET-722
0
1
0
1
PART-1-1
1
864 
0
EQN-SET-723
0
1
0
1
PART-1-1
1
1008 
0
EQN-SET-724
0
1
0
1
PART-1-1
1
1152 
0
EQN-SET-725
0
1
0
1
PART-1-1
1
1296 
0
EQN-SET-726
0
1
0
1
PART-1-1
1
1440 
0
EQN-SET-727
0
1
0
1
PART-1-1
1
1584 
0
EQN-SET-728
0
1
0
1
PART-1-1
1
1728 
0
EQN-SET-73
0
1
0
1
PART-1-1
1
73 
0
EQN-SET-74
0
1
0
1
PART-1-1
1
217 
0
EQN-SET-75
0
1
0
1
PART-1-1
1
361 
0
EQN-SET-76
0
1
0
1
PART-1-1
1
505 
0
EQN-SET-77
0
1
0
1
PART-1-1
1
649 
0
EQN-SET-78
0
1
0
1
PART-1-1
1
793 
0
EQN-SET-79
0
1
0
1
PART-1-1
1
937 
0
EQN-SET-8
0
1
0
1
PART-1-1
1
1009 
0
EQN-SET-80
0
1
0
1
PART-1-1
1
1081 
0
EQN-SET-81
0
1
0
1
PART-1-1
1
1225 
0
EQN-SET-82
0
1
0
1
PART-1-1
1
1369 
0
EQN-SET-83
0
1
0
1
PART-1-1
1
1513 
0
EQN-SET-84
0
1
0
1
PART-1-1
1
1657 
0
EQN-SET-85
0
1
0
1
PART-1-1
1
85 
0
EQN-SET-86
0
1
0
1
PART-1-1
1
229 
0
EQN-SET-87
0
1
0
1
PART-1-1
1
373 
0
EQN-SET-88
0
1
0
1
PART-1-1
1
517 
0
EQN-SET-89
0
1
0
1
PART-1-1
1
661 
0
EQN-SET-9
0
1
0
1
PART-1-1
1
1153 
0
EQN-SET-90
0
1
0
1
PART-1-1
1
805 
0
EQN-SET-91
0
1
0
1
PART-1-1
1
949 
0
EQN-SET-92
0
1
0
1
PART-1-1
1
1093 
0
EQN-SET-93
0
1
0
1
PART-1-1
1
1237 
0
EQN-SET-94
0
1
0
1
PART-1-1
1
1381 
0
EQN-SET-95
0
1
0
1
PART-1-1
1
1525 
0
EQN-SET-96
0
1
0
1
PART-1-1
1
1669 
0
EQN-SET-97
0
1
0
1
PART-1-1
1
97 
0
EQN-SET-98
0
1
0
1
PART-1-1
1
241 
0
EQN-SET-99
0
1
0
1
PART-1-1
1
385 
0
H1
0
1
0
1
PART-1-1
1
1 
0
H2
0
1
0
1
PART-1-1
1
12 
0
H3
0
1
0
1
PART-1-1
1
144 
0
H4
0
1
0
1
PART-1-1
1
133 
0
V1
0
1
0
1
PART-1-1
1
1585 
0
V2
0
1
0
1
PART-1-1
1
1596 
0
V3
0
1
0
1
PART-1-1
1
1728 
0
V4
0
1
0
1
PART-1-1
1
1717 
0
0
0
0
